13:08:27 INFO  : Registering command handlers for SDK TCF services
13:08:28 INFO  : Launching XSCT server: xsct.bat -interactive E:\FPGA\digital_system_design\MicroBlaze\MicroBlaze.sdk\temp_xsdb_launch_script.tcl
13:08:30 INFO  : XSCT server has started successfully.
13:08:30 INFO  : Successfully done setting XSCT server connection channel  
13:08:30 INFO  : Successfully done setting SDK workspace  
13:08:30 INFO  : Processing command line option -hwspec E:/FPGA/digital_system_design/MicroBlaze/MicroBlaze.sdk/MicroBlazeDemo1_wrapper.hdf.
13:10:17 INFO  : Connected to target on host '127.0.0.1' and port '3121'.
13:10:17 INFO  : 'targets -set -filter {jtag_cable_name =~ "xilinx tul 1234-tulA" && level==0} -index 0' command is executed.
13:10:18 INFO  : FPGA configured successfully with bitstream "E:/FPGA/digital_system_design/MicroBlaze/MicroBlaze.sdk/MicroBlazeDemo1_wrapper_hw_platform_0/download.bit"
13:10:50 INFO  : 'targets -set -filter {jtag_cable_name =~ "xilinx tul 1234-tulA" && level==0} -index 0' command is executed.
13:10:50 INFO  : 'fpga -state' command is executed.
13:10:50 INFO  : Connected to target on host '127.0.0.1' and port '3121'.
13:10:50 INFO  : Jtag cable 'xilinx tul 1234-tulA' is selected.
13:10:50 INFO  : 'jtag frequency' command is executed.
13:10:50 INFO  : 'configparams mdm-detect-bscan-mask 2' command is executed.
13:10:50 INFO  : Context for processor 'microblaze_0' is selected.
13:10:50 INFO  : Processor reset is completed for 'microblaze_0'.
13:10:50 INFO  : Context for processor 'microblaze_0' is selected.
13:10:50 INFO  : The application 'E:/FPGA/digital_system_design/MicroBlaze/MicroBlaze.sdk/microblaze/Debug/microblaze.elf' is downloaded to processor 'microblaze_0'.
13:10:50 INFO  : ----------------XSDB Script----------------
connect -url tcp:127.0.0.1:3121
configparams mdm-detect-bscan-mask 2
targets -set -nocase -filter {name =~ "microblaze*#0" && bscan=="USER2"  && jtag_cable_name =~ "xilinx tul 1234-tulA"} -index 0
rst -processor
targets -set -nocase -filter {name =~ "microblaze*#0" && bscan=="USER2"  && jtag_cable_name =~ "xilinx tul 1234-tulA"} -index 0
dow E:/FPGA/digital_system_design/MicroBlaze/MicroBlaze.sdk/microblaze/Debug/microblaze.elf
----------------End of Script----------------

13:10:51 INFO  : Memory regions updated for context PA
13:10:51 INFO  : Memory regions updated for context PA
13:10:51 INFO  : Context for processor 'microblaze_0' is selected.
13:10:51 INFO  : 'con' command is executed.
13:10:51 INFO  : ----------------XSDB Script (After Launch)----------------
targets -set -nocase -filter {name =~ "microblaze*#0" && bscan=="USER2"  && jtag_cable_name =~ "xilinx tul 1234-tulA"} -index 0
con
----------------End of Script----------------

13:10:51 INFO  : Launch script is exported to file 'E:\FPGA\digital_system_design\MicroBlaze\MicroBlaze.sdk\.sdk\launch_scripts\xilinx_c-c++_application_(system_debugger)\system_debugger_using_debug_microblaze.elf_on_local.tcl'
13:16:37 INFO  : Disconnected from the channel tcfchan#1.
20:17:33 INFO  : Registering command handlers for SDK TCF services
20:17:33 INFO  : Launching XSCT server: xsct.bat -interactive E:\FPGA\digital_system_design\MicroBlaze_custom_ip\MicroBlaze_custom_ip.sdk\temp_xsdb_launch_script.tcl
20:17:35 INFO  : XSCT server has started successfully.
20:17:35 INFO  : Successfully done setting XSCT server connection channel  
20:17:35 INFO  : Successfully done setting SDK workspace  
20:17:35 INFO  : Processing command line option -hwspec E:/FPGA/digital_system_design/MicroBlaze_custom_ip/MicroBlaze_custom_ip.sdk/MicroBlazeDemo1_wrapper.hdf.
20:36:10 INFO  : Connected to target on host '127.0.0.1' and port '3121'.
20:36:49 INFO  : Connected to target on host '127.0.0.1' and port '3121'.
20:36:49 INFO  : 'targets -set -filter {jtag_cable_name =~ "xilinx tul 1234-tulA" && level==0} -index 0' command is executed.
20:36:50 INFO  : FPGA configured successfully with bitstream "E:/FPGA/digital_system_design/MicroBlaze_custom_ip/MicroBlaze_custom_ip.sdk/MicroBlazeDemo1_wrapper_hw_platform_1/download.bit"
20:37:15 INFO  : 'targets -set -filter {jtag_cable_name =~ "xilinx tul 1234-tulA" && level==0} -index 0' command is executed.
20:37:15 INFO  : 'fpga -state' command is executed.
20:37:15 INFO  : Connected to target on host '127.0.0.1' and port '3121'.
20:37:15 INFO  : Jtag cable 'xilinx tul 1234-tulA' is selected.
20:37:15 INFO  : 'jtag frequency' command is executed.
20:37:15 INFO  : 'configparams mdm-detect-bscan-mask 2' command is executed.
20:37:15 INFO  : Context for processor 'microblaze_0' is selected.
20:37:15 INFO  : Processor reset is completed for 'microblaze_0'.
20:37:15 INFO  : Context for processor 'microblaze_0' is selected.
20:37:15 INFO  : The application 'E:/FPGA/digital_system_design/MicroBlaze_custom_ip/MicroBlaze_custom_ip.sdk/MicroBlaze_custom_ip/Debug/MicroBlaze_custom_ip.elf' is downloaded to processor 'microblaze_0'.
20:37:15 INFO  : ----------------XSDB Script----------------
connect -url tcp:127.0.0.1:3121
configparams mdm-detect-bscan-mask 2
targets -set -nocase -filter {name =~ "microblaze*#0" && bscan=="USER2"  && jtag_cable_name =~ "xilinx tul 1234-tulA"} -index 0
rst -processor
targets -set -nocase -filter {name =~ "microblaze*#0" && bscan=="USER2"  && jtag_cable_name =~ "xilinx tul 1234-tulA"} -index 0
dow E:/FPGA/digital_system_design/MicroBlaze_custom_ip/MicroBlaze_custom_ip.sdk/MicroBlaze_custom_ip/Debug/MicroBlaze_custom_ip.elf
----------------End of Script----------------

20:37:15 INFO  : Memory regions updated for context PA
20:37:15 INFO  : Memory regions updated for context PA
20:37:15 INFO  : Context for processor 'microblaze_0' is selected.
20:37:15 INFO  : 'con' command is executed.
20:37:15 INFO  : ----------------XSDB Script (After Launch)----------------
targets -set -nocase -filter {name =~ "microblaze*#0" && bscan=="USER2"  && jtag_cable_name =~ "xilinx tul 1234-tulA"} -index 0
con
----------------End of Script----------------

20:37:15 INFO  : Launch script is exported to file 'E:\FPGA\digital_system_design\MicroBlaze_custom_ip\MicroBlaze_custom_ip.sdk\.sdk\launch_scripts\xilinx_c-c++_application_(system_debugger)\system_debugger_using_debug_microblaze_custom_ip.elf_on_local.tcl'
20:38:01 INFO  : Disconnected from the channel tcfchan#1.
15:32:18 INFO  : Registering command handlers for SDK TCF services
15:32:18 INFO  : Launching XSCT server: xsct.bat -interactive E:\FPGA\digital_system_design\MicroBlaze_custom_ip\MicroBlaze_custom_ip.sdk\temp_xsdb_launch_script.tcl
15:32:20 INFO  : XSCT server has started successfully.
15:32:21 INFO  : Successfully done setting XSCT server connection channel  
15:32:21 INFO  : Successfully done setting SDK workspace  
15:32:21 INFO  : Processing command line option -hwspec E:/FPGA/digital_system_design/MicroBlaze_custom_ip/MicroBlaze_custom_ip.sdk/MicroBlazeDemo1_wrapper.hdf.
15:32:21 INFO  : Checking for hwspec changes in the project MicroBlazeDemo1_wrapper_hw_platform_1.
15:33:01 INFO  : Connected to target on host '127.0.0.1' and port '3121'.
15:33:01 INFO  : 'targets -set -filter {jtag_cable_name =~ "xilinx tul 1234-tulA" && level==0} -index 0' command is executed.
15:33:02 INFO  : FPGA configured successfully with bitstream "E:/FPGA/digital_system_design/MicroBlaze_custom_ip/MicroBlaze_custom_ip.sdk/MicroBlazeDemo1_wrapper_hw_platform_1/download.bit"
15:33:12 INFO  : 'targets -set -filter {jtag_cable_name =~ "xilinx tul 1234-tulA" && level==0} -index 0' command is executed.
15:33:12 INFO  : 'fpga -state' command is executed.
15:33:12 INFO  : Connected to target on host '127.0.0.1' and port '3121'.
15:33:12 INFO  : Jtag cable 'xilinx tul 1234-tulA' is selected.
15:33:12 INFO  : 'jtag frequency' command is executed.
15:33:12 INFO  : 'configparams mdm-detect-bscan-mask 2' command is executed.
15:33:12 INFO  : Context for processor 'microblaze_0' is selected.
15:33:12 INFO  : Processor reset is completed for 'microblaze_0'.
15:33:12 INFO  : Context for processor 'microblaze_0' is selected.
15:33:12 INFO  : The application 'E:/FPGA/digital_system_design/MicroBlaze_custom_ip/MicroBlaze_custom_ip.sdk/MicroBlaze_custom_ip/Debug/MicroBlaze_custom_ip.elf' is downloaded to processor 'microblaze_0'.
15:33:12 INFO  : ----------------XSDB Script----------------
connect -url tcp:127.0.0.1:3121
configparams mdm-detect-bscan-mask 2
targets -set -nocase -filter {name =~ "microblaze*#0" && bscan=="USER2"  && jtag_cable_name =~ "xilinx tul 1234-tulA"} -index 0
rst -processor
targets -set -nocase -filter {name =~ "microblaze*#0" && bscan=="USER2"  && jtag_cable_name =~ "xilinx tul 1234-tulA"} -index 0
dow E:/FPGA/digital_system_design/MicroBlaze_custom_ip/MicroBlaze_custom_ip.sdk/MicroBlaze_custom_ip/Debug/MicroBlaze_custom_ip.elf
----------------End of Script----------------

15:33:12 INFO  : Memory regions updated for context PA
15:33:12 INFO  : Memory regions updated for context PA
15:33:12 INFO  : Context for processor 'microblaze_0' is selected.
15:33:12 INFO  : 'con' command is executed.
15:33:12 INFO  : ----------------XSDB Script (After Launch)----------------
targets -set -nocase -filter {name =~ "microblaze*#0" && bscan=="USER2"  && jtag_cable_name =~ "xilinx tul 1234-tulA"} -index 0
con
----------------End of Script----------------

15:33:12 INFO  : Launch script is exported to file 'E:\FPGA\digital_system_design\MicroBlaze_custom_ip\MicroBlaze_custom_ip.sdk\.sdk\launch_scripts\xilinx_c-c++_application_(system_debugger)\system_debugger_using_debug_microblaze_custom_ip.elf_on_local.tcl'
15:34:11 INFO  : Disconnected from the channel tcfchan#1.
