#-----------------------------------------------------------
# Vivado v2018.3 (64-bit)
# SW Build 2405991 on Thu Dec  6 23:38:27 MST 2018
# IP Build 2404404 on Fri Dec  7 01:43:56 MST 2018
# Start of session at: Sun May 22 13:55:52 2022
# Process ID: 1768
# Current directory: E:/FPGA/VGA
# Command line: vivado.exe -gui_launcher_event rodinguilauncherevent12952 E:\FPGA\VGA\VGA.xpr
# Log file: E:/FPGA/VGA/vivado.log
# Journal file: E:/FPGA/VGA\vivado.jou
#-----------------------------------------------------------
start_gui
open_project E:/FPGA/VGA/VGA.xpr
Scanning sources...
Finished scanning sources
INFO: [IP_Flow 19-234] Refreshing IP repositories
INFO: [IP_Flow 19-1704] No user IP repositories specified
INFO: [IP_Flow 19-2313] Loaded Vivado IP repository 'D:/Xilinx/Vivado/2018.3/data/ip'.
open_project: Time (s): cpu = 00:00:15 ; elapsed = 00:00:07 . Memory (MB): peak = 787.750 ; gain = 160.680
update_compile_order -fileset sources_1
exit
INFO: [Common 17-206] Exiting Vivado at Sun May 22 14:10:27 2022...
