#-----------------------------------------------------------
# Vivado v2018.3 (64-bit)
# SW Build 2405991 on Thu Dec  6 23:38:27 MST 2018
# IP Build 2404404 on Fri Dec  7 01:43:56 MST 2018
# Start of session at: Wed Feb 15 14:01:00 2023
# Process ID: 15052
# Current directory: E:/FPGA/zhuanyeke/alarm_clock
# Command line: vivado.exe -gui_launcher_event rodinguilauncherevent15324 E:\FPGA\zhuanyeke\alarm_clock\alarm_clock.xpr
# Log file: E:/FPGA/zhuanyeke/alarm_clock/vivado.log
# Journal file: E:/FPGA/zhuanyeke/alarm_clock\vivado.jou
#-----------------------------------------------------------
start_gui
open_project E:/FPGA/zhuanyeke/alarm_clock/alarm_clock.xpr
INFO: [Project 1-313] Project file moved from 'E:/FPGA/alarm_clock' since last save.
Scanning sources...
Finished scanning sources
INFO: [IP_Flow 19-234] Refreshing IP repositories
INFO: [IP_Flow 19-1704] No user IP repositories specified
INFO: [IP_Flow 19-2313] Loaded Vivado IP repository 'D:/Xilinx/Vivado/2018.3/data/ip'.
open_project: Time (s): cpu = 00:00:11 ; elapsed = 00:00:05 . Memory (MB): peak = 800.992 ; gain = 174.023
update_compile_order -fileset sources_1
exit
INFO: [Common 17-206] Exiting Vivado at Wed Feb 15 14:25:39 2023...
