#-----------------------------------------------------------
# Vivado v2018.3 (64-bit)
# SW Build 2405991 on Thu Dec  6 23:38:27 MST 2018
# IP Build 2404404 on Fri Dec  7 01:43:56 MST 2018
# Start of session at: Fri Dec  9 22:14:51 2022
# Process ID: 10676
# Current directory: E:/FPGA/digital_system_design/MicroBlaze
# Command line: vivado.exe -gui_launcher_event rodinguilauncherevent612 E:\FPGA\digital_system_design\MicroBlaze\MicroBlaze.xpr
# Log file: E:/FPGA/digital_system_design/MicroBlaze/vivado.log
# Journal file: E:/FPGA/digital_system_design/MicroBlaze\vivado.jou
#-----------------------------------------------------------
start_gui
open_project E:/FPGA/digital_system_design/MicroBlaze/MicroBlaze.xpr
Scanning sources...
Finished scanning sources
INFO: [IP_Flow 19-234] Refreshing IP repositories
INFO: [IP_Flow 19-1704] No user IP repositories specified
INFO: [IP_Flow 19-2313] Loaded Vivado IP repository 'D:/Xilinx/Vivado/2018.3/data/ip'.
open_project: Time (s): cpu = 00:00:16 ; elapsed = 00:00:08 . Memory (MB): peak = 862.859 ; gain = 239.270
launch_sdk -workspace E:/FPGA/digital_system_design/MicroBlaze/MicroBlaze.sdk -hwspec E:/FPGA/digital_system_design/MicroBlaze/MicroBlaze.sdk/MicroBlazeDemo1_wrapper.hdf
INFO: [Vivado 12-393] Launching SDK...
INFO: [Vivado 12-417] Running xsdk -workspace E:/FPGA/digital_system_design/MicroBlaze/MicroBlaze.sdk -hwspec E:/FPGA/digital_system_design/MicroBlaze/MicroBlaze.sdk/MicroBlazeDemo1_wrapper.hdf
INFO: [Vivado 12-3157] SDK launch initiated. Please check console for any further messages.
update_compile_order -fileset sources_1
exit
INFO: [Common 17-206] Exiting Vivado at Fri Dec  9 22:18:29 2022...
