13:08:27 INFO  : Registering command handlers for SDK TCF services
13:08:28 INFO  : Launching XSCT server: xsct.bat -interactive E:\FPGA\digital_system_design\MicroBlaze\MicroBlaze.sdk\temp_xsdb_launch_script.tcl
13:08:30 INFO  : XSCT server has started successfully.
13:08:30 INFO  : Successfully done setting XSCT server connection channel  
13:08:30 INFO  : Successfully done setting SDK workspace  
13:08:30 INFO  : Processing command line option -hwspec E:/FPGA/digital_system_design/MicroBlaze/MicroBlaze.sdk/MicroBlazeDemo1_wrapper.hdf.
13:10:17 INFO  : Connected to target on host '127.0.0.1' and port '3121'.
13:10:17 INFO  : 'targets -set -filter {jtag_cable_name =~ "xilinx tul 1234-tulA" && level==0} -index 0' command is executed.
13:10:18 INFO  : FPGA configured successfully with bitstream "E:/FPGA/digital_system_design/MicroBlaze/MicroBlaze.sdk/MicroBlazeDemo1_wrapper_hw_platform_0/download.bit"
13:10:50 INFO  : 'targets -set -filter {jtag_cable_name =~ "xilinx tul 1234-tulA" && level==0} -index 0' command is executed.
13:10:50 INFO  : 'fpga -state' command is executed.
13:10:50 INFO  : Connected to target on host '127.0.0.1' and port '3121'.
13:10:50 INFO  : Jtag cable 'xilinx tul 1234-tulA' is selected.
13:10:50 INFO  : 'jtag frequency' command is executed.
13:10:50 INFO  : 'configparams mdm-detect-bscan-mask 2' command is executed.
13:10:50 INFO  : Context for processor 'microblaze_0' is selected.
13:10:50 INFO  : Processor reset is completed for 'microblaze_0'.
13:10:50 INFO  : Context for processor 'microblaze_0' is selected.
13:10:50 INFO  : The application 'E:/FPGA/digital_system_design/MicroBlaze/MicroBlaze.sdk/microblaze/Debug/microblaze.elf' is downloaded to processor 'microblaze_0'.
13:10:50 INFO  : ----------------XSDB Script----------------
connect -url tcp:127.0.0.1:3121
configparams mdm-detect-bscan-mask 2
targets -set -nocase -filter {name =~ "microblaze*#0" && bscan=="USER2"  && jtag_cable_name =~ "xilinx tul 1234-tulA"} -index 0
rst -processor
targets -set -nocase -filter {name =~ "microblaze*#0" && bscan=="USER2"  && jtag_cable_name =~ "xilinx tul 1234-tulA"} -index 0
dow E:/FPGA/digital_system_design/MicroBlaze/MicroBlaze.sdk/microblaze/Debug/microblaze.elf
----------------End of Script----------------

13:10:51 INFO  : Memory regions updated for context PA
13:10:51 INFO  : Memory regions updated for context PA
13:10:51 INFO  : Context for processor 'microblaze_0' is selected.
13:10:51 INFO  : 'con' command is executed.
13:10:51 INFO  : ----------------XSDB Script (After Launch)----------------
targets -set -nocase -filter {name =~ "microblaze*#0" && bscan=="USER2"  && jtag_cable_name =~ "xilinx tul 1234-tulA"} -index 0
con
----------------End of Script----------------

13:10:51 INFO  : Launch script is exported to file 'E:\FPGA\digital_system_design\MicroBlaze\MicroBlaze.sdk\.sdk\launch_scripts\xilinx_c-c++_application_(system_debugger)\system_debugger_using_debug_microblaze.elf_on_local.tcl'
13:16:37 INFO  : Disconnected from the channel tcfchan#1.
22:15:20 INFO  : Registering command handlers for SDK TCF services
22:15:20 INFO  : Launching XSCT server: xsct.bat -interactive E:\FPGA\digital_system_design\MicroBlaze\MicroBlaze.sdk\temp_xsdb_launch_script.tcl
22:15:22 INFO  : XSCT server has started successfully.
22:15:22 INFO  : Successfully done setting XSCT server connection channel  
22:15:22 INFO  : Successfully done setting SDK workspace  
22:15:22 INFO  : Processing command line option -hwspec E:/FPGA/digital_system_design/MicroBlaze/MicroBlaze.sdk/MicroBlazeDemo1_wrapper.hdf.
22:15:22 INFO  : Checking for hwspec changes in the project MicroBlazeDemo1_wrapper_hw_platform_0.
22:15:49 INFO  : Connected to target on host '127.0.0.1' and port '3121'.
22:15:50 INFO  : 'targets -set -filter {jtag_cable_name =~ "xilinx tul 1234-tulA" && level==0} -index 0' command is executed.
22:15:51 INFO  : FPGA configured successfully with bitstream "E:/FPGA/digital_system_design/MicroBlaze/MicroBlaze.sdk/MicroBlazeDemo1_wrapper_hw_platform_0/download.bit"
22:15:59 INFO  : 'targets -set -filter {jtag_cable_name =~ "xilinx tul 1234-tulA" && level==0} -index 0' command is executed.
22:15:59 INFO  : 'fpga -state' command is executed.
22:15:59 INFO  : Connected to target on host '127.0.0.1' and port '3121'.
22:15:59 INFO  : Jtag cable 'xilinx tul 1234-tulA' is selected.
22:15:59 INFO  : 'jtag frequency' command is executed.
22:16:00 INFO  : 'configparams mdm-detect-bscan-mask 2' command is executed.
22:16:00 INFO  : Context for processor 'microblaze_0' is selected.
22:16:00 INFO  : Processor reset is completed for 'microblaze_0'.
22:16:00 INFO  : Context for processor 'microblaze_0' is selected.
22:16:00 INFO  : The application 'E:/FPGA/digital_system_design/MicroBlaze/MicroBlaze.sdk/microblaze/Debug/microblaze.elf' is downloaded to processor 'microblaze_0'.
22:16:00 INFO  : ----------------XSDB Script----------------
connect -url tcp:127.0.0.1:3121
configparams mdm-detect-bscan-mask 2
targets -set -nocase -filter {name =~ "microblaze*#0" && bscan=="USER2"  && jtag_cable_name =~ "xilinx tul 1234-tulA"} -index 0
rst -processor
targets -set -nocase -filter {name =~ "microblaze*#0" && bscan=="USER2"  && jtag_cable_name =~ "xilinx tul 1234-tulA"} -index 0
dow E:/FPGA/digital_system_design/MicroBlaze/MicroBlaze.sdk/microblaze/Debug/microblaze.elf
----------------End of Script----------------

22:16:00 INFO  : Memory regions updated for context PA
22:16:00 INFO  : Memory regions updated for context PA
22:16:00 INFO  : Context for processor 'microblaze_0' is selected.
22:16:00 INFO  : 'con' command is executed.
22:16:00 INFO  : ----------------XSDB Script (After Launch)----------------
targets -set -nocase -filter {name =~ "microblaze*#0" && bscan=="USER2"  && jtag_cable_name =~ "xilinx tul 1234-tulA"} -index 0
con
----------------End of Script----------------

22:16:00 INFO  : Launch script is exported to file 'E:\FPGA\digital_system_design\MicroBlaze\MicroBlaze.sdk\.sdk\launch_scripts\xilinx_c-c++_application_(system_debugger)\system_debugger_using_debug_microblaze.elf_on_local.tcl'
22:16:23 INFO  : Disconnected from the channel tcfchan#1.
