
*** Running vivado
    with args -log MicroBlazeDemo1_fit_timer_0_0.vds -m64 -product Vivado -mode batch -messageDb vivado.pb -notrace -source MicroBlazeDemo1_fit_timer_0_0.tcl


****** Vivado v2018.3 (64-bit)
  **** SW Build 2405991 on Thu Dec  6 23:38:27 MST 2018
  **** IP Build 2404404 on Fri Dec  7 01:43:56 MST 2018
    ** Copyright 1986-2018 Xilinx, Inc. All Rights Reserved.

source MicroBlazeDemo1_fit_timer_0_0.tcl -notrace
INFO: [IP_Flow 19-234] Refreshing IP repositories
INFO: [IP_Flow 19-1700] Loaded user IP repository 'e:/FPGA/digital_system_design/ip_repo/my_seg_show_ip_1.0'.
INFO: [IP_Flow 19-1700] Loaded user IP repository 'e:/FPGA/digital_system_design/ip_repo/my_snake_game_ip_1.0'.
INFO: [IP_Flow 19-2313] Loaded Vivado IP repository 'D:/Xilinx/Vivado/2018.3/data/ip'.
Command: synth_design -top MicroBlazeDemo1_fit_timer_0_0 -part xc7a35tcsg324-1 -mode out_of_context
Starting synth_design
Attempting to get a license for feature 'Synthesis' and/or device 'xc7a35t'
INFO: [Common 17-349] Got license for feature 'Synthesis' and/or device 'xc7a35t'
INFO: Launching helper process for spawning children vivado processes
INFO: Helper process launched with PID 1668 
---------------------------------------------------------------------------------
Starting RTL Elaboration : Time (s): cpu = 00:00:03 ; elapsed = 00:00:04 . Memory (MB): peak = 467.457 ; gain = 99.953
---------------------------------------------------------------------------------
INFO: [Synth 8-638] synthesizing module 'MicroBlazeDemo1_fit_timer_0_0' [e:/FPGA/digital_system_design/_my_snake_game_/_my_snake_game_.srcs/sources_1/bd/MicroBlazeDemo1/ip/MicroBlazeDemo1_fit_timer_0_0/synth/MicroBlazeDemo1_fit_timer_0_0.vhd:67]
	Parameter C_FAMILY bound to: artix7 - type: string 
	Parameter C_NO_CLOCKS bound to: 100000000 - type: integer 
	Parameter C_INACCURACY bound to: 0 - type: integer 
	Parameter C_EXT_RESET_HIGH bound to: 1 - type: integer 
INFO: [Synth 8-3491] module 'FIT_timer' declared at 'e:/FPGA/digital_system_design/_my_snake_game_/_my_snake_game_.srcs/sources_1/bd/MicroBlazeDemo1/ipshared/0e41/hdl/fit_timer_v2_0_vh_rfs.vhd:399' bound to instance 'U0' of component 'fit_timer' [e:/FPGA/digital_system_design/_my_snake_game_/_my_snake_game_.srcs/sources_1/bd/MicroBlazeDemo1/ip/MicroBlazeDemo1_fit_timer_0_0/synth/MicroBlazeDemo1_fit_timer_0_0.vhd:98]
INFO: [Synth 8-638] synthesizing module 'FIT_timer' [e:/FPGA/digital_system_design/_my_snake_game_/_my_snake_game_.srcs/sources_1/bd/MicroBlazeDemo1/ipshared/0e41/hdl/fit_timer_v2_0_vh_rfs.vhd:422]
	Parameter C_FAMILY bound to: artix7 - type: string 
	Parameter C_NO_CLOCKS bound to: 100000000 - type: integer 
	Parameter C_INACCURACY bound to: 0 - type: integer 
	Parameter C_EXT_RESET_HIGH bound to: 1 - type: integer 
	Parameter Ratio bound to: 16 - type: integer 
	Parameter First bound to: 1 - type: bool 
INFO: [Synth 8-3491] module 'Divide_part' declared at 'e:/FPGA/digital_system_design/_my_snake_game_/_my_snake_game_.srcs/sources_1/bd/MicroBlazeDemo1/ipshared/0e41/hdl/fit_timer_v2_0_vh_rfs.vhd:90' bound to instance 'Divide_I' of component 'Divide_Part' [e:/FPGA/digital_system_design/_my_snake_game_/_my_snake_game_.srcs/sources_1/bd/MicroBlazeDemo1/ipshared/0e41/hdl/fit_timer_v2_0_vh_rfs.vhd:716]
INFO: [Synth 8-638] synthesizing module 'Divide_part' [e:/FPGA/digital_system_design/_my_snake_game_/_my_snake_game_.srcs/sources_1/bd/MicroBlazeDemo1/ipshared/0e41/hdl/fit_timer_v2_0_vh_rfs.vhd:113]
	Parameter Ratio bound to: 16 - type: integer 
	Parameter First bound to: 1 - type: bool 
	Parameter INIT bound to: 16'b0000000000000001 
	Parameter IS_CLK_INVERTED bound to: 1'b0 
INFO: [Synth 8-113] binding component instance 'SRL16E_I' to cell 'SRL16E' [e:/FPGA/digital_system_design/_my_snake_game_/_my_snake_game_.srcs/sources_1/bd/MicroBlazeDemo1/ipshared/0e41/hdl/fit_timer_v2_0_vh_rfs.vhd:137]
INFO: [Synth 8-256] done synthesizing module 'Divide_part' (1#1) [e:/FPGA/digital_system_design/_my_snake_game_/_my_snake_game_.srcs/sources_1/bd/MicroBlazeDemo1/ipshared/0e41/hdl/fit_timer_v2_0_vh_rfs.vhd:113]
	Parameter Ratio bound to: 16 - type: integer 
	Parameter First bound to: 0 - type: bool 
INFO: [Synth 8-3491] module 'Divide_part' declared at 'e:/FPGA/digital_system_design/_my_snake_game_/_my_snake_game_.srcs/sources_1/bd/MicroBlazeDemo1/ipshared/0e41/hdl/fit_timer_v2_0_vh_rfs.vhd:90' bound to instance 'Divide_I' of component 'Divide_Part' [e:/FPGA/digital_system_design/_my_snake_game_/_my_snake_game_.srcs/sources_1/bd/MicroBlazeDemo1/ipshared/0e41/hdl/fit_timer_v2_0_vh_rfs.vhd:716]
INFO: [Synth 8-638] synthesizing module 'Divide_part__parameterized0' [e:/FPGA/digital_system_design/_my_snake_game_/_my_snake_game_.srcs/sources_1/bd/MicroBlazeDemo1/ipshared/0e41/hdl/fit_timer_v2_0_vh_rfs.vhd:113]
	Parameter Ratio bound to: 16 - type: integer 
	Parameter First bound to: 0 - type: bool 
	Parameter INIT bound to: 16'b0000000000000001 
	Parameter IS_CLK_INVERTED bound to: 1'b0 
INFO: [Synth 8-113] binding component instance 'SRL16E_I' to cell 'SRL16E' [e:/FPGA/digital_system_design/_my_snake_game_/_my_snake_game_.srcs/sources_1/bd/MicroBlazeDemo1/ipshared/0e41/hdl/fit_timer_v2_0_vh_rfs.vhd:137]
INFO: [Synth 8-256] done synthesizing module 'Divide_part__parameterized0' (1#1) [e:/FPGA/digital_system_design/_my_snake_game_/_my_snake_game_.srcs/sources_1/bd/MicroBlazeDemo1/ipshared/0e41/hdl/fit_timer_v2_0_vh_rfs.vhd:113]
	Parameter Ratio bound to: 5 - type: integer 
	Parameter First bound to: 0 - type: bool 
INFO: [Synth 8-3491] module 'Divide_part' declared at 'e:/FPGA/digital_system_design/_my_snake_game_/_my_snake_game_.srcs/sources_1/bd/MicroBlazeDemo1/ipshared/0e41/hdl/fit_timer_v2_0_vh_rfs.vhd:90' bound to instance 'Divide_I' of component 'Divide_Part' [e:/FPGA/digital_system_design/_my_snake_game_/_my_snake_game_.srcs/sources_1/bd/MicroBlazeDemo1/ipshared/0e41/hdl/fit_timer_v2_0_vh_rfs.vhd:716]
INFO: [Synth 8-638] synthesizing module 'Divide_part__parameterized1' [e:/FPGA/digital_system_design/_my_snake_game_/_my_snake_game_.srcs/sources_1/bd/MicroBlazeDemo1/ipshared/0e41/hdl/fit_timer_v2_0_vh_rfs.vhd:113]
	Parameter Ratio bound to: 5 - type: integer 
	Parameter First bound to: 0 - type: bool 
	Parameter INIT bound to: 16'b0000000000000001 
	Parameter IS_CLK_INVERTED bound to: 1'b0 
INFO: [Synth 8-113] binding component instance 'SRL16E_I' to cell 'SRL16E' [e:/FPGA/digital_system_design/_my_snake_game_/_my_snake_game_.srcs/sources_1/bd/MicroBlazeDemo1/ipshared/0e41/hdl/fit_timer_v2_0_vh_rfs.vhd:137]
INFO: [Synth 8-256] done synthesizing module 'Divide_part__parameterized1' (1#1) [e:/FPGA/digital_system_design/_my_snake_game_/_my_snake_game_.srcs/sources_1/bd/MicroBlazeDemo1/ipshared/0e41/hdl/fit_timer_v2_0_vh_rfs.vhd:113]
	Parameter Ratio bound to: 5 - type: integer 
	Parameter First bound to: 0 - type: bool 
INFO: [Synth 8-3491] module 'Divide_part' declared at 'e:/FPGA/digital_system_design/_my_snake_game_/_my_snake_game_.srcs/sources_1/bd/MicroBlazeDemo1/ipshared/0e41/hdl/fit_timer_v2_0_vh_rfs.vhd:90' bound to instance 'Divide_I' of component 'Divide_Part' [e:/FPGA/digital_system_design/_my_snake_game_/_my_snake_game_.srcs/sources_1/bd/MicroBlazeDemo1/ipshared/0e41/hdl/fit_timer_v2_0_vh_rfs.vhd:716]
	Parameter Ratio bound to: 5 - type: integer 
	Parameter First bound to: 0 - type: bool 
INFO: [Synth 8-3491] module 'Divide_part' declared at 'e:/FPGA/digital_system_design/_my_snake_game_/_my_snake_game_.srcs/sources_1/bd/MicroBlazeDemo1/ipshared/0e41/hdl/fit_timer_v2_0_vh_rfs.vhd:90' bound to instance 'Divide_I' of component 'Divide_Part' [e:/FPGA/digital_system_design/_my_snake_game_/_my_snake_game_.srcs/sources_1/bd/MicroBlazeDemo1/ipshared/0e41/hdl/fit_timer_v2_0_vh_rfs.vhd:716]
	Parameter Ratio bound to: 5 - type: integer 
	Parameter First bound to: 0 - type: bool 
INFO: [Synth 8-3491] module 'Divide_part' declared at 'e:/FPGA/digital_system_design/_my_snake_game_/_my_snake_game_.srcs/sources_1/bd/MicroBlazeDemo1/ipshared/0e41/hdl/fit_timer_v2_0_vh_rfs.vhd:90' bound to instance 'Divide_I' of component 'Divide_Part' [e:/FPGA/digital_system_design/_my_snake_game_/_my_snake_game_.srcs/sources_1/bd/MicroBlazeDemo1/ipshared/0e41/hdl/fit_timer_v2_0_vh_rfs.vhd:716]
	Parameter Ratio bound to: 5 - type: integer 
	Parameter First bound to: 0 - type: bool 
INFO: [Synth 8-3491] module 'Divide_part' declared at 'e:/FPGA/digital_system_design/_my_snake_game_/_my_snake_game_.srcs/sources_1/bd/MicroBlazeDemo1/ipshared/0e41/hdl/fit_timer_v2_0_vh_rfs.vhd:90' bound to instance 'Divide_I' of component 'Divide_Part' [e:/FPGA/digital_system_design/_my_snake_game_/_my_snake_game_.srcs/sources_1/bd/MicroBlazeDemo1/ipshared/0e41/hdl/fit_timer_v2_0_vh_rfs.vhd:716]
	Parameter Ratio bound to: 5 - type: integer 
	Parameter First bound to: 0 - type: bool 
INFO: [Synth 8-3491] module 'Divide_part' declared at 'e:/FPGA/digital_system_design/_my_snake_game_/_my_snake_game_.srcs/sources_1/bd/MicroBlazeDemo1/ipshared/0e41/hdl/fit_timer_v2_0_vh_rfs.vhd:90' bound to instance 'Divide_I' of component 'Divide_Part' [e:/FPGA/digital_system_design/_my_snake_game_/_my_snake_game_.srcs/sources_1/bd/MicroBlazeDemo1/ipshared/0e41/hdl/fit_timer_v2_0_vh_rfs.vhd:716]
	Parameter Ratio bound to: 5 - type: integer 
	Parameter First bound to: 0 - type: bool 
INFO: [Synth 8-3491] module 'Divide_part' declared at 'e:/FPGA/digital_system_design/_my_snake_game_/_my_snake_game_.srcs/sources_1/bd/MicroBlazeDemo1/ipshared/0e41/hdl/fit_timer_v2_0_vh_rfs.vhd:90' bound to instance 'Divide_I' of component 'Divide_Part' [e:/FPGA/digital_system_design/_my_snake_game_/_my_snake_game_.srcs/sources_1/bd/MicroBlazeDemo1/ipshared/0e41/hdl/fit_timer_v2_0_vh_rfs.vhd:716]
	Parameter Ratio bound to: 5 - type: integer 
	Parameter First bound to: 0 - type: bool 
INFO: [Synth 8-3491] module 'Divide_part' declared at 'e:/FPGA/digital_system_design/_my_snake_game_/_my_snake_game_.srcs/sources_1/bd/MicroBlazeDemo1/ipshared/0e41/hdl/fit_timer_v2_0_vh_rfs.vhd:90' bound to instance 'Divide_I' of component 'Divide_Part' [e:/FPGA/digital_system_design/_my_snake_game_/_my_snake_game_.srcs/sources_1/bd/MicroBlazeDemo1/ipshared/0e41/hdl/fit_timer_v2_0_vh_rfs.vhd:716]
INFO: [Synth 8-256] done synthesizing module 'FIT_timer' (2#1) [e:/FPGA/digital_system_design/_my_snake_game_/_my_snake_game_.srcs/sources_1/bd/MicroBlazeDemo1/ipshared/0e41/hdl/fit_timer_v2_0_vh_rfs.vhd:422]
INFO: [Synth 8-256] done synthesizing module 'MicroBlazeDemo1_fit_timer_0_0' (3#1) [e:/FPGA/digital_system_design/_my_snake_game_/_my_snake_game_.srcs/sources_1/bd/MicroBlazeDemo1/ip/MicroBlazeDemo1_fit_timer_0_0/synth/MicroBlazeDemo1_fit_timer_0_0.vhd:67]
---------------------------------------------------------------------------------
Finished RTL Elaboration : Time (s): cpu = 00:00:04 ; elapsed = 00:00:05 . Memory (MB): peak = 524.469 ; gain = 156.965
---------------------------------------------------------------------------------

Report Check Netlist: 
+------+------------------+-------+---------+-------+------------------+
|      |Item              |Errors |Warnings |Status |Description       |
+------+------------------+-------+---------+-------+------------------+
|1     |multi_driven_nets |      0|        0|Passed |Multi driven nets |
+------+------------------+-------+---------+-------+------------------+
---------------------------------------------------------------------------------
Start Handling Custom Attributes
---------------------------------------------------------------------------------
---------------------------------------------------------------------------------
Finished Handling Custom Attributes : Time (s): cpu = 00:00:04 ; elapsed = 00:00:05 . Memory (MB): peak = 524.469 ; gain = 156.965
---------------------------------------------------------------------------------
---------------------------------------------------------------------------------
Finished RTL Optimization Phase 1 : Time (s): cpu = 00:00:04 ; elapsed = 00:00:05 . Memory (MB): peak = 524.469 ; gain = 156.965
---------------------------------------------------------------------------------
INFO: [Device 21-403] Loading part xc7a35tcsg324-1
INFO: [Project 1-570] Preparing netlist for logic optimization

Processing XDC Constraints
Initializing timing engine
Parsing XDC File [e:/FPGA/digital_system_design/_my_snake_game_/_my_snake_game_.srcs/sources_1/bd/MicroBlazeDemo1/ip/MicroBlazeDemo1_fit_timer_0_0/MicroBlazeDemo1_fit_timer_0_0_ooc.xdc] for cell 'U0'
Finished Parsing XDC File [e:/FPGA/digital_system_design/_my_snake_game_/_my_snake_game_.srcs/sources_1/bd/MicroBlazeDemo1/ip/MicroBlazeDemo1_fit_timer_0_0/MicroBlazeDemo1_fit_timer_0_0_ooc.xdc] for cell 'U0'
Parsing XDC File [E:/FPGA/digital_system_design/_my_snake_game_/_my_snake_game_.runs/MicroBlazeDemo1_fit_timer_0_0_synth_1/dont_touch.xdc]
Finished Parsing XDC File [E:/FPGA/digital_system_design/_my_snake_game_/_my_snake_game_.runs/MicroBlazeDemo1_fit_timer_0_0_synth_1/dont_touch.xdc]
Completed Processing XDC Constraints

Netlist sorting complete. Time (s): cpu = 00:00:00 ; elapsed = 00:00:00 . Memory (MB): peak = 849.246 ; gain = 0.000
INFO: [Project 1-111] Unisim Transformation Summary:
No Unisim elements were transformed.

Netlist sorting complete. Time (s): cpu = 00:00:00 ; elapsed = 00:00:00 . Memory (MB): peak = 849.258 ; gain = 0.000
Constraint Validation Runtime : Time (s): cpu = 00:00:00 ; elapsed = 00:00:00.021 . Memory (MB): peak = 850.648 ; gain = 1.402
---------------------------------------------------------------------------------
Finished Constraint Validation : Time (s): cpu = 00:00:13 ; elapsed = 00:00:14 . Memory (MB): peak = 850.648 ; gain = 483.145
---------------------------------------------------------------------------------
---------------------------------------------------------------------------------
Start Loading Part and Timing Information
---------------------------------------------------------------------------------
Loading part: xc7a35tcsg324-1
---------------------------------------------------------------------------------
Finished Loading Part and Timing Information : Time (s): cpu = 00:00:13 ; elapsed = 00:00:14 . Memory (MB): peak = 850.648 ; gain = 483.145
---------------------------------------------------------------------------------
---------------------------------------------------------------------------------
Start Applying 'set_property' XDC Constraints
---------------------------------------------------------------------------------
Applied set_property DONT_TOUCH = true for U0. (constraint file  E:/FPGA/digital_system_design/_my_snake_game_/_my_snake_game_.runs/MicroBlazeDemo1_fit_timer_0_0_synth_1/dont_touch.xdc, line 9).
---------------------------------------------------------------------------------
Finished applying 'set_property' XDC Constraints : Time (s): cpu = 00:00:13 ; elapsed = 00:00:14 . Memory (MB): peak = 850.648 ; gain = 483.145
---------------------------------------------------------------------------------
---------------------------------------------------------------------------------
Finished RTL Optimization Phase 2 : Time (s): cpu = 00:00:13 ; elapsed = 00:00:14 . Memory (MB): peak = 850.648 ; gain = 483.145
---------------------------------------------------------------------------------

Report RTL Partitions: 
+-+--------------+------------+----------+
| |RTL Partition |Replication |Instances |
+-+--------------+------------+----------+
+-+--------------+------------+----------+
---------------------------------------------------------------------------------
Start RTL Component Statistics 
---------------------------------------------------------------------------------
Detailed RTL Component Info : 
+---Registers : 
	                1 Bit    Registers := 28    
---------------------------------------------------------------------------------
Finished RTL Component Statistics 
---------------------------------------------------------------------------------
---------------------------------------------------------------------------------
Start RTL Hierarchical Component Statistics 
---------------------------------------------------------------------------------
Hierarchical RTL Component report 
Module Divide_part 
Detailed RTL Component Info : 
+---Registers : 
	                1 Bit    Registers := 1     
Module Divide_part__parameterized0 
Detailed RTL Component Info : 
+---Registers : 
	                1 Bit    Registers := 3     
Module Divide_part__parameterized1 
Detailed RTL Component Info : 
+---Registers : 
	                1 Bit    Registers := 3     
---------------------------------------------------------------------------------
Finished RTL Hierarchical Component Statistics
---------------------------------------------------------------------------------
---------------------------------------------------------------------------------
Start Part Resource Summary
---------------------------------------------------------------------------------
Part Resources:
DSPs: 90 (col length:60)
BRAMs: 100 (col length: RAMB18 60 RAMB36 30)
---------------------------------------------------------------------------------
Finished Part Resource Summary
---------------------------------------------------------------------------------
---------------------------------------------------------------------------------
Start Cross Boundary and Area Optimization
---------------------------------------------------------------------------------
Warning: Parallel synthesis criteria is not met 
INFO: [Synth 8-4471] merging register 'Using_SRL16s.SRL16s[2].Divide_I/Rst_d1_reg' into 'Using_SRL16s.SRL16s[1].Divide_I/Rst_d1_reg' [e:/FPGA/digital_system_design/_my_snake_game_/_my_snake_game_.srcs/sources_1/bd/MicroBlazeDemo1/ipshared/0e41/hdl/fit_timer_v2_0_vh_rfs.vhd:254]
INFO: [Synth 8-4471] merging register 'Using_SRL16s.SRL16s[3].Divide_I/Rst_d1_reg' into 'Using_SRL16s.SRL16s[1].Divide_I/Rst_d1_reg' [e:/FPGA/digital_system_design/_my_snake_game_/_my_snake_game_.srcs/sources_1/bd/MicroBlazeDemo1/ipshared/0e41/hdl/fit_timer_v2_0_vh_rfs.vhd:254]
INFO: [Synth 8-4471] merging register 'Using_SRL16s.SRL16s[4].Divide_I/Rst_d1_reg' into 'Using_SRL16s.SRL16s[1].Divide_I/Rst_d1_reg' [e:/FPGA/digital_system_design/_my_snake_game_/_my_snake_game_.srcs/sources_1/bd/MicroBlazeDemo1/ipshared/0e41/hdl/fit_timer_v2_0_vh_rfs.vhd:254]
INFO: [Synth 8-4471] merging register 'Using_SRL16s.SRL16s[5].Divide_I/Rst_d1_reg' into 'Using_SRL16s.SRL16s[1].Divide_I/Rst_d1_reg' [e:/FPGA/digital_system_design/_my_snake_game_/_my_snake_game_.srcs/sources_1/bd/MicroBlazeDemo1/ipshared/0e41/hdl/fit_timer_v2_0_vh_rfs.vhd:254]
INFO: [Synth 8-4471] merging register 'Using_SRL16s.SRL16s[6].Divide_I/Rst_d1_reg' into 'Using_SRL16s.SRL16s[1].Divide_I/Rst_d1_reg' [e:/FPGA/digital_system_design/_my_snake_game_/_my_snake_game_.srcs/sources_1/bd/MicroBlazeDemo1/ipshared/0e41/hdl/fit_timer_v2_0_vh_rfs.vhd:254]
INFO: [Synth 8-4471] merging register 'Using_SRL16s.SRL16s[7].Divide_I/Rst_d1_reg' into 'Using_SRL16s.SRL16s[1].Divide_I/Rst_d1_reg' [e:/FPGA/digital_system_design/_my_snake_game_/_my_snake_game_.srcs/sources_1/bd/MicroBlazeDemo1/ipshared/0e41/hdl/fit_timer_v2_0_vh_rfs.vhd:254]
INFO: [Synth 8-4471] merging register 'Using_SRL16s.SRL16s[8].Divide_I/Rst_d1_reg' into 'Using_SRL16s.SRL16s[1].Divide_I/Rst_d1_reg' [e:/FPGA/digital_system_design/_my_snake_game_/_my_snake_game_.srcs/sources_1/bd/MicroBlazeDemo1/ipshared/0e41/hdl/fit_timer_v2_0_vh_rfs.vhd:254]
INFO: [Synth 8-4471] merging register 'Using_SRL16s.SRL16s[9].Divide_I/Rst_d1_reg' into 'Using_SRL16s.SRL16s[1].Divide_I/Rst_d1_reg' [e:/FPGA/digital_system_design/_my_snake_game_/_my_snake_game_.srcs/sources_1/bd/MicroBlazeDemo1/ipshared/0e41/hdl/fit_timer_v2_0_vh_rfs.vhd:254]
INFO: [Synth 8-4471] merging register 'Using_SRL16s.SRL16s[10].Divide_I/Rst_d1_reg' into 'Using_SRL16s.SRL16s[1].Divide_I/Rst_d1_reg' [e:/FPGA/digital_system_design/_my_snake_game_/_my_snake_game_.srcs/sources_1/bd/MicroBlazeDemo1/ipshared/0e41/hdl/fit_timer_v2_0_vh_rfs.vhd:254]
---------------------------------------------------------------------------------
Finished Cross Boundary and Area Optimization : Time (s): cpu = 00:00:13 ; elapsed = 00:00:15 . Memory (MB): peak = 850.648 ; gain = 483.145
---------------------------------------------------------------------------------

Report RTL Partitions: 
+-+--------------+------------+----------+
| |RTL Partition |Replication |Instances |
+-+--------------+------------+----------+
+-+--------------+------------+----------+
---------------------------------------------------------------------------------
Start Applying XDC Timing Constraints
---------------------------------------------------------------------------------
---------------------------------------------------------------------------------
Finished Applying XDC Timing Constraints : Time (s): cpu = 00:00:24 ; elapsed = 00:00:26 . Memory (MB): peak = 850.648 ; gain = 483.145
---------------------------------------------------------------------------------
---------------------------------------------------------------------------------
Start Timing Optimization
---------------------------------------------------------------------------------
---------------------------------------------------------------------------------
Finished Timing Optimization : Time (s): cpu = 00:00:24 ; elapsed = 00:00:26 . Memory (MB): peak = 850.648 ; gain = 483.145
---------------------------------------------------------------------------------

Report RTL Partitions: 
+-+--------------+------------+----------+
| |RTL Partition |Replication |Instances |
+-+--------------+------------+----------+
+-+--------------+------------+----------+
---------------------------------------------------------------------------------
Start Technology Mapping
---------------------------------------------------------------------------------
---------------------------------------------------------------------------------
Finished Technology Mapping : Time (s): cpu = 00:00:24 ; elapsed = 00:00:26 . Memory (MB): peak = 850.648 ; gain = 483.145
---------------------------------------------------------------------------------

Report RTL Partitions: 
+-+--------------+------------+----------+
| |RTL Partition |Replication |Instances |
+-+--------------+------------+----------+
+-+--------------+------------+----------+
---------------------------------------------------------------------------------
Start IO Insertion
---------------------------------------------------------------------------------
---------------------------------------------------------------------------------
Start Flattening Before IO Insertion
---------------------------------------------------------------------------------
---------------------------------------------------------------------------------
Finished Flattening Before IO Insertion
---------------------------------------------------------------------------------
---------------------------------------------------------------------------------
Start Final Netlist Cleanup
---------------------------------------------------------------------------------
---------------------------------------------------------------------------------
Finished Final Netlist Cleanup
---------------------------------------------------------------------------------
---------------------------------------------------------------------------------
Finished IO Insertion : Time (s): cpu = 00:00:25 ; elapsed = 00:00:27 . Memory (MB): peak = 850.648 ; gain = 483.145
---------------------------------------------------------------------------------

Report Check Netlist: 
+------+------------------+-------+---------+-------+------------------+
|      |Item              |Errors |Warnings |Status |Description       |
+------+------------------+-------+---------+-------+------------------+
|1     |multi_driven_nets |      0|        0|Passed |Multi driven nets |
+------+------------------+-------+---------+-------+------------------+
---------------------------------------------------------------------------------
Start Renaming Generated Instances
---------------------------------------------------------------------------------
---------------------------------------------------------------------------------
Finished Renaming Generated Instances : Time (s): cpu = 00:00:25 ; elapsed = 00:00:27 . Memory (MB): peak = 850.648 ; gain = 483.145
---------------------------------------------------------------------------------

Report RTL Partitions: 
+-+--------------+------------+----------+
| |RTL Partition |Replication |Instances |
+-+--------------+------------+----------+
+-+--------------+------------+----------+
---------------------------------------------------------------------------------
Start Rebuilding User Hierarchy
---------------------------------------------------------------------------------
---------------------------------------------------------------------------------
Finished Rebuilding User Hierarchy : Time (s): cpu = 00:00:25 ; elapsed = 00:00:27 . Memory (MB): peak = 850.648 ; gain = 483.145
---------------------------------------------------------------------------------
---------------------------------------------------------------------------------
Start Renaming Generated Ports
---------------------------------------------------------------------------------
---------------------------------------------------------------------------------
Finished Renaming Generated Ports : Time (s): cpu = 00:00:25 ; elapsed = 00:00:27 . Memory (MB): peak = 850.648 ; gain = 483.145
---------------------------------------------------------------------------------
---------------------------------------------------------------------------------
Start Handling Custom Attributes
---------------------------------------------------------------------------------
---------------------------------------------------------------------------------
Finished Handling Custom Attributes : Time (s): cpu = 00:00:25 ; elapsed = 00:00:27 . Memory (MB): peak = 850.648 ; gain = 483.145
---------------------------------------------------------------------------------
---------------------------------------------------------------------------------
Start Renaming Generated Nets
---------------------------------------------------------------------------------
---------------------------------------------------------------------------------
Finished Renaming Generated Nets : Time (s): cpu = 00:00:25 ; elapsed = 00:00:27 . Memory (MB): peak = 850.648 ; gain = 483.145
---------------------------------------------------------------------------------
---------------------------------------------------------------------------------
Start Writing Synthesis Report
---------------------------------------------------------------------------------

Report BlackBoxes: 
+-+--------------+----------+
| |BlackBox name |Instances |
+-+--------------+----------+
+-+--------------+----------+

Report Cell Usage: 
+------+-------+------+
|      |Cell   |Count |
+------+-------+------+
|1     |LUT3   |    27|
|2     |LUT4   |     1|
|3     |SRL16E |    10|
|4     |FDRE   |    19|
+------+-------+------+

Report Instance Areas: 
+------+---------------------------------------+------------------------------+------+
|      |Instance                               |Module                        |Cells |
+------+---------------------------------------+------------------------------+------+
|1     |top                                    |                              |    57|
|2     |  U0                                   |FIT_timer                     |    57|
|3     |    \Using_SRL16s.SRL16s[10].Divide_I  |Divide_part__parameterized1   |     4|
|4     |    \Using_SRL16s.SRL16s[1].Divide_I   |Divide_part                   |    13|
|5     |    \Using_SRL16s.SRL16s[2].Divide_I   |Divide_part__parameterized0   |     5|
|6     |    \Using_SRL16s.SRL16s[3].Divide_I   |Divide_part__parameterized1_0 |     5|
|7     |    \Using_SRL16s.SRL16s[4].Divide_I   |Divide_part__parameterized1_1 |     5|
|8     |    \Using_SRL16s.SRL16s[5].Divide_I   |Divide_part__parameterized1_2 |     5|
|9     |    \Using_SRL16s.SRL16s[6].Divide_I   |Divide_part__parameterized1_3 |     5|
|10    |    \Using_SRL16s.SRL16s[7].Divide_I   |Divide_part__parameterized1_4 |     5|
|11    |    \Using_SRL16s.SRL16s[8].Divide_I   |Divide_part__parameterized1_5 |     5|
|12    |    \Using_SRL16s.SRL16s[9].Divide_I   |Divide_part__parameterized1_6 |     5|
+------+---------------------------------------+------------------------------+------+
---------------------------------------------------------------------------------
Finished Writing Synthesis Report : Time (s): cpu = 00:00:25 ; elapsed = 00:00:27 . Memory (MB): peak = 850.648 ; gain = 483.145
---------------------------------------------------------------------------------
Synthesis finished with 0 errors, 0 critical warnings and 0 warnings.
Synthesis Optimization Runtime : Time (s): cpu = 00:00:15 ; elapsed = 00:00:21 . Memory (MB): peak = 850.648 ; gain = 156.965
Synthesis Optimization Complete : Time (s): cpu = 00:00:25 ; elapsed = 00:00:27 . Memory (MB): peak = 850.648 ; gain = 483.145
INFO: [Project 1-571] Translating synthesized netlist
INFO: [Project 1-570] Preparing netlist for logic optimization
INFO: [Opt 31-138] Pushed 0 inverter(s) to 0 load pin(s).
Netlist sorting complete. Time (s): cpu = 00:00:00 ; elapsed = 00:00:00 . Memory (MB): peak = 855.695 ; gain = 0.000
INFO: [Project 1-111] Unisim Transformation Summary:
No Unisim elements were transformed.

INFO: [Common 17-83] Releasing license: Synthesis
46 Infos, 0 Warnings, 0 Critical Warnings and 0 Errors encountered.
synth_design completed successfully
synth_design: Time (s): cpu = 00:00:28 ; elapsed = 00:00:30 . Memory (MB): peak = 855.750 ; gain = 499.750
Netlist sorting complete. Time (s): cpu = 00:00:00 ; elapsed = 00:00:00 . Memory (MB): peak = 855.750 ; gain = 0.000
WARNING: [Constraints 18-5210] No constraints selected for write.
Resolution: This message can indicate that there are no constraints for the design, or it can indicate that the used_in flags are set such that the constraints are ignored. This later case is used when running synth_design to not write synthesis constraints to the resulting checkpoint. Instead, project constraints are read when the synthesized design is opened.
INFO: [Common 17-1381] The checkpoint 'E:/FPGA/digital_system_design/_my_snake_game_/_my_snake_game_.runs/MicroBlazeDemo1_fit_timer_0_0_synth_1/MicroBlazeDemo1_fit_timer_0_0.dcp' has been generated.
INFO: [Coretcl 2-1648] Added synthesis output to IP cache for IP MicroBlazeDemo1_fit_timer_0_0, cache-ID = 3fc95a1acf2ce64f
INFO: [Coretcl 2-1174] Renamed 11 cell refs.
Netlist sorting complete. Time (s): cpu = 00:00:00 ; elapsed = 00:00:00.001 . Memory (MB): peak = 860.145 ; gain = 0.000
WARNING: [Constraints 18-5210] No constraints selected for write.
Resolution: This message can indicate that there are no constraints for the design, or it can indicate that the used_in flags are set such that the constraints are ignored. This later case is used when running synth_design to not write synthesis constraints to the resulting checkpoint. Instead, project constraints are read when the synthesized design is opened.
INFO: [Common 17-1381] The checkpoint 'E:/FPGA/digital_system_design/_my_snake_game_/_my_snake_game_.runs/MicroBlazeDemo1_fit_timer_0_0_synth_1/MicroBlazeDemo1_fit_timer_0_0.dcp' has been generated.
INFO: [runtcl-4] Executing : report_utilization -file MicroBlazeDemo1_fit_timer_0_0_utilization_synth.rpt -pb MicroBlazeDemo1_fit_timer_0_0_utilization_synth.pb
INFO: [Common 17-206] Exiting Vivado at Wed Feb 15 14:35:54 2023...
