#-----------------------------------------------------------
# Vivado v2018.3 (64-bit)
# SW Build 2405991 on Thu Dec  6 23:38:27 MST 2018
# IP Build 2404404 on Fri Dec  7 01:43:56 MST 2018
# Start of session at: Thu Dec  8 15:31:37 2022
# Process ID: 14816
# Current directory: E:/FPGA/digital_system_design/MicroBlaze_custom_ip
# Command line: vivado.exe -gui_launcher_event rodinguilauncherevent13044 E:\FPGA\digital_system_design\MicroBlaze_custom_ip\MicroBlaze_custom_ip.xpr
# Log file: E:/FPGA/digital_system_design/MicroBlaze_custom_ip/vivado.log
# Journal file: E:/FPGA/digital_system_design/MicroBlaze_custom_ip\vivado.jou
#-----------------------------------------------------------
start_gui
open_project E:/FPGA/digital_system_design/MicroBlaze_custom_ip/MicroBlaze_custom_ip.xpr
Scanning sources...
Finished scanning sources
INFO: [IP_Flow 19-234] Refreshing IP repositories
INFO: [IP_Flow 19-1700] Loaded user IP repository 'e:/FPGA/digital_system_design/ip_repo/my_pwm_ip_1.0'.
WARNING: [IP_Flow 19-2207] Repository 'e:/FPGA/digital_system_design/ip_repo/my_pwm_ip_1.0' already exists; ignoring attempt to add it again.
INFO: [IP_Flow 19-1700] Loaded user IP repository 'e:/FPGA/digital_system_design/ip_repo/my_pwm_ip_1.0'.
INFO: [IP_Flow 19-2313] Loaded Vivado IP repository 'D:/Xilinx/Vivado/2018.3/data/ip'.
WARNING: [BD 41-1661] One or more IPs have been locked in the design 'MicroBlazeDemo1.bd'. Please run report_ip_status for more details and recommendations on how to fix this issue.
List of locked IPs:
MicroBlazeDemo1_my_pwm_ip_0_0

open_project: Time (s): cpu = 00:00:15 ; elapsed = 00:00:08 . Memory (MB): peak = 844.898 ; gain = 222.531
update_compile_order -fileset sources_1
file copy -force E:/FPGA/digital_system_design/MicroBlaze_custom_ip/MicroBlaze_custom_ip.runs/impl_1/MicroBlazeDemo1_wrapper.sysdef E:/FPGA/digital_system_design/MicroBlaze_custom_ip/MicroBlaze_custom_ip.sdk/MicroBlazeDemo1_wrapper.hdf

launch_sdk -workspace E:/FPGA/digital_system_design/MicroBlaze_custom_ip/MicroBlaze_custom_ip.sdk -hwspec E:/FPGA/digital_system_design/MicroBlaze_custom_ip/MicroBlaze_custom_ip.sdk/MicroBlazeDemo1_wrapper.hdf
INFO: [Vivado 12-393] Launching SDK...
INFO: [Vivado 12-417] Running xsdk -workspace E:/FPGA/digital_system_design/MicroBlaze_custom_ip/MicroBlaze_custom_ip.sdk -hwspec E:/FPGA/digital_system_design/MicroBlaze_custom_ip/MicroBlaze_custom_ip.sdk/MicroBlazeDemo1_wrapper.hdf
INFO: [Vivado 12-3157] SDK launch initiated. Please check console for any further messages.
exit
INFO: [Common 17-206] Exiting Vivado at Thu Dec  8 15:34:17 2022...
