14:49:19 INFO  : Registering command handlers for SDK TCF services
14:49:19 INFO  : Launching XSCT server: xsct.bat -interactive E:\FPGA\digital_system_design\_my_snake_game_\_my_snake_game_.sdk\temp_xsdb_launch_script.tcl
14:49:21 INFO  : XSCT server has started successfully.
14:49:21 INFO  : Successfully done setting XSCT server connection channel  
14:49:21 INFO  : Successfully done setting SDK workspace  
14:49:21 INFO  : Processing command line option -hwspec E:/FPGA/digital_system_design/_my_snake_game_/_my_snake_game_.sdk/MicroBlazeDemo1_wrapper.hdf.
15:24:10 INFO  : Connected to target on host '127.0.0.1' and port '3121'.
15:24:53 INFO  : Connected to target on host '127.0.0.1' and port '3121'.
15:25:11 INFO  : 'targets -set -filter {jtag_cable_name =~ "xilinx tul 1234-tulA" && level==0} -index 0' command is executed.
15:25:11 ERROR : 'fpga -file E:/FPGA/digital_system_design/_my_snake_game_/_my_snake_game_.sdk/MicroBlazeDemo1_wrapper_hw_platform_0/download.bit' is cancelled.
15:25:11 INFO  : Issued abort command to xsdb.
15:25:26 INFO  : Connected to target on host '127.0.0.1' and port '3121'.
15:25:26 INFO  : 'targets -set -filter {jtag_cable_name =~ "xilinx tul 1234-tulA" && level==0} -index 0' command is executed.
15:25:27 INFO  : FPGA configured successfully with bitstream "E:/FPGA/digital_system_design/_my_snake_game_/_my_snake_game_.sdk/MicroBlazeDemo1_wrapper_hw_platform_0/download.bit"
15:25:51 INFO  : 'targets -set -filter {jtag_cable_name =~ "xilinx tul 1234-tulA" && level==0} -index 0' command is executed.
15:25:51 INFO  : 'fpga -state' command is executed.
15:25:51 INFO  : Connected to target on host '127.0.0.1' and port '3121'.
15:25:51 INFO  : Jtag cable 'xilinx tul 1234-tulA' is selected.
15:25:51 INFO  : 'jtag frequency' command is executed.
15:25:51 INFO  : 'configparams mdm-detect-bscan-mask 2' command is executed.
15:25:51 INFO  : Context for processor 'microblaze_0' is selected.
15:25:51 INFO  : Processor reset is completed for 'microblaze_0'.
15:25:51 INFO  : Context for processor 'microblaze_0' is selected.
15:25:51 INFO  : The application 'E:/FPGA/digital_system_design/_my_snake_game_/_my_snake_game_.sdk/snake_game/Debug/snake_game.elf' is downloaded to processor 'microblaze_0'.
15:25:51 INFO  : ----------------XSDB Script----------------
connect -url tcp:127.0.0.1:3121
configparams mdm-detect-bscan-mask 2
targets -set -nocase -filter {name =~ "microblaze*#0" && bscan=="USER2"  && jtag_cable_name =~ "xilinx tul 1234-tulA"} -index 0
rst -processor
targets -set -nocase -filter {name =~ "microblaze*#0" && bscan=="USER2"  && jtag_cable_name =~ "xilinx tul 1234-tulA"} -index 0
dow E:/FPGA/digital_system_design/_my_snake_game_/_my_snake_game_.sdk/snake_game/Debug/snake_game.elf
----------------End of Script----------------

15:25:51 INFO  : Memory regions updated for context PA
15:25:51 INFO  : Memory regions updated for context PA
15:25:51 INFO  : Context for processor 'microblaze_0' is selected.
15:25:51 INFO  : 'con' command is executed.
15:25:51 INFO  : ----------------XSDB Script (After Launch)----------------
targets -set -nocase -filter {name =~ "microblaze*#0" && bscan=="USER2"  && jtag_cable_name =~ "xilinx tul 1234-tulA"} -index 0
con
----------------End of Script----------------

15:25:51 INFO  : Launch script is exported to file 'E:\FPGA\digital_system_design\_my_snake_game_\_my_snake_game_.sdk\.sdk\launch_scripts\xilinx_c-c++_application_(system_debugger)\system_debugger_using_debug_snake_game.elf_on_local.tcl'
15:29:08 INFO  : Connected to target on host '127.0.0.1' and port '3121'.
15:29:08 INFO  : 'targets -set -filter {jtag_cable_name =~ "xilinx tul 1234-tulA" && level==0} -index 0' command is executed.
15:29:09 INFO  : FPGA configured successfully with bitstream "E:/FPGA/digital_system_design/_my_snake_game_/_my_snake_game_.sdk/MicroBlazeDemo1_wrapper_hw_platform_0/download.bit"
15:29:32 INFO  : Disconnected from the channel tcfchan#1.
15:29:33 INFO  : 'targets -set -filter {jtag_cable_name =~ "xilinx tul 1234-tulA" && level==0} -index 0' command is executed.
15:29:33 INFO  : 'fpga -state' command is executed.
15:29:33 INFO  : Connected to target on host '127.0.0.1' and port '3121'.
15:29:33 INFO  : Jtag cable 'xilinx tul 1234-tulA' is selected.
15:29:33 INFO  : 'jtag frequency' command is executed.
15:29:33 INFO  : 'configparams mdm-detect-bscan-mask 2' command is executed.
15:29:33 INFO  : Context for processor 'microblaze_0' is selected.
15:29:33 INFO  : Processor reset is completed for 'microblaze_0'.
15:29:33 INFO  : Context for processor 'microblaze_0' is selected.
15:29:33 INFO  : The application 'E:/FPGA/digital_system_design/_my_snake_game_/_my_snake_game_.sdk/snake_game/Debug/snake_game.elf' is downloaded to processor 'microblaze_0'.
15:29:33 INFO  : ----------------XSDB Script----------------
connect -url tcp:127.0.0.1:3121
configparams mdm-detect-bscan-mask 2
targets -set -nocase -filter {name =~ "microblaze*#0" && bscan=="USER2"  && jtag_cable_name =~ "xilinx tul 1234-tulA"} -index 0
rst -processor
targets -set -nocase -filter {name =~ "microblaze*#0" && bscan=="USER2"  && jtag_cable_name =~ "xilinx tul 1234-tulA"} -index 0
dow E:/FPGA/digital_system_design/_my_snake_game_/_my_snake_game_.sdk/snake_game/Debug/snake_game.elf
----------------End of Script----------------

15:29:33 INFO  : Memory regions updated for context PA
15:29:33 INFO  : Memory regions updated for context PA
15:29:33 INFO  : Context for processor 'microblaze_0' is selected.
15:29:33 INFO  : 'con' command is executed.
15:29:33 INFO  : ----------------XSDB Script (After Launch)----------------
targets -set -nocase -filter {name =~ "microblaze*#0" && bscan=="USER2"  && jtag_cable_name =~ "xilinx tul 1234-tulA"} -index 0
con
----------------End of Script----------------

15:29:33 INFO  : Launch script is exported to file 'E:\FPGA\digital_system_design\_my_snake_game_\_my_snake_game_.sdk\.sdk\launch_scripts\xilinx_c-c++_application_(system_debugger)\system_debugger_using_debug_snake_game.elf_on_local.tcl'
15:35:28 INFO  : Connected to target on host '127.0.0.1' and port '3121'.
15:35:28 INFO  : 'targets -set -filter {jtag_cable_name =~ "xilinx tul 1234-tulA" && level==0} -index 0' command is executed.
15:35:30 INFO  : FPGA configured successfully with bitstream "E:/FPGA/digital_system_design/_my_snake_game_/_my_snake_game_.sdk/MicroBlazeDemo1_wrapper_hw_platform_0/download.bit"
15:35:41 INFO  : Disconnected from the channel tcfchan#2.
15:35:43 INFO  : 'targets -set -filter {jtag_cable_name =~ "xilinx tul 1234-tulA" && level==0} -index 0' command is executed.
15:35:43 INFO  : 'fpga -state' command is executed.
15:35:43 INFO  : Connected to target on host '127.0.0.1' and port '3121'.
15:35:43 INFO  : Jtag cable 'xilinx tul 1234-tulA' is selected.
15:35:43 INFO  : 'jtag frequency' command is executed.
15:35:43 INFO  : 'configparams mdm-detect-bscan-mask 2' command is executed.
15:35:43 INFO  : Context for processor 'microblaze_0' is selected.
15:35:43 INFO  : Processor reset is completed for 'microblaze_0'.
15:35:43 INFO  : Context for processor 'microblaze_0' is selected.
15:35:43 INFO  : The application 'E:/FPGA/digital_system_design/_my_snake_game_/_my_snake_game_.sdk/snake_game/Debug/snake_game.elf' is downloaded to processor 'microblaze_0'.
15:35:43 INFO  : ----------------XSDB Script----------------
connect -url tcp:127.0.0.1:3121
configparams mdm-detect-bscan-mask 2
targets -set -nocase -filter {name =~ "microblaze*#0" && bscan=="USER2"  && jtag_cable_name =~ "xilinx tul 1234-tulA"} -index 0
rst -processor
targets -set -nocase -filter {name =~ "microblaze*#0" && bscan=="USER2"  && jtag_cable_name =~ "xilinx tul 1234-tulA"} -index 0
dow E:/FPGA/digital_system_design/_my_snake_game_/_my_snake_game_.sdk/snake_game/Debug/snake_game.elf
----------------End of Script----------------

15:35:43 INFO  : Memory regions updated for context PA
15:35:43 INFO  : Memory regions updated for context PA
15:35:43 INFO  : Context for processor 'microblaze_0' is selected.
15:35:43 INFO  : 'con' command is executed.
15:35:43 INFO  : ----------------XSDB Script (After Launch)----------------
targets -set -nocase -filter {name =~ "microblaze*#0" && bscan=="USER2"  && jtag_cable_name =~ "xilinx tul 1234-tulA"} -index 0
con
----------------End of Script----------------

15:35:43 INFO  : Launch script is exported to file 'E:\FPGA\digital_system_design\_my_snake_game_\_my_snake_game_.sdk\.sdk\launch_scripts\xilinx_c-c++_application_(system_debugger)\system_debugger_using_debug_snake_game.elf_on_local.tcl'
15:37:10 INFO  : Connected to target on host '127.0.0.1' and port '3121'.
15:37:10 INFO  : 'targets -set -filter {jtag_cable_name =~ "xilinx tul 1234-tulA" && level==0} -index 0' command is executed.
15:37:12 INFO  : FPGA configured successfully with bitstream "E:/FPGA/digital_system_design/_my_snake_game_/_my_snake_game_.sdk/MicroBlazeDemo1_wrapper_hw_platform_0/download.bit"
15:37:29 INFO  : Disconnected from the channel tcfchan#3.
15:37:30 INFO  : 'targets -set -filter {jtag_cable_name =~ "xilinx tul 1234-tulA" && level==0} -index 0' command is executed.
15:37:30 INFO  : 'fpga -state' command is executed.
15:37:30 INFO  : Connected to target on host '127.0.0.1' and port '3121'.
15:37:31 INFO  : Jtag cable 'xilinx tul 1234-tulA' is selected.
15:37:31 INFO  : 'jtag frequency' command is executed.
15:37:31 INFO  : 'configparams mdm-detect-bscan-mask 2' command is executed.
15:37:31 INFO  : Context for processor 'microblaze_0' is selected.
15:37:31 INFO  : Processor reset is completed for 'microblaze_0'.
15:37:31 INFO  : Context for processor 'microblaze_0' is selected.
15:37:31 INFO  : The application 'E:/FPGA/digital_system_design/_my_snake_game_/_my_snake_game_.sdk/snake_game/Debug/snake_game.elf' is downloaded to processor 'microblaze_0'.
15:37:31 INFO  : ----------------XSDB Script----------------
connect -url tcp:127.0.0.1:3121
configparams mdm-detect-bscan-mask 2
targets -set -nocase -filter {name =~ "microblaze*#0" && bscan=="USER2"  && jtag_cable_name =~ "xilinx tul 1234-tulA"} -index 0
rst -processor
targets -set -nocase -filter {name =~ "microblaze*#0" && bscan=="USER2"  && jtag_cable_name =~ "xilinx tul 1234-tulA"} -index 0
dow E:/FPGA/digital_system_design/_my_snake_game_/_my_snake_game_.sdk/snake_game/Debug/snake_game.elf
----------------End of Script----------------

15:37:31 INFO  : Memory regions updated for context PA
15:37:31 INFO  : Memory regions updated for context PA
15:37:31 INFO  : Context for processor 'microblaze_0' is selected.
15:37:31 INFO  : 'con' command is executed.
15:37:31 INFO  : ----------------XSDB Script (After Launch)----------------
targets -set -nocase -filter {name =~ "microblaze*#0" && bscan=="USER2"  && jtag_cable_name =~ "xilinx tul 1234-tulA"} -index 0
con
----------------End of Script----------------

15:37:31 INFO  : Launch script is exported to file 'E:\FPGA\digital_system_design\_my_snake_game_\_my_snake_game_.sdk\.sdk\launch_scripts\xilinx_c-c++_application_(system_debugger)\system_debugger_using_debug_snake_game.elf_on_local.tcl'
17:17:04 INFO  : Connected to target on host '127.0.0.1' and port '3121'.
17:17:04 INFO  : 'targets -set -filter {jtag_cable_name =~ "xilinx tul 1234-tulA" && level==0} -index 0' command is executed.
17:17:06 INFO  : FPGA configured successfully with bitstream "E:/FPGA/digital_system_design/_my_snake_game_/_my_snake_game_.sdk/MicroBlazeDemo1_wrapper_hw_platform_0/download.bit"
17:17:23 INFO  : Disconnected from the channel tcfchan#4.
17:17:24 INFO  : 'targets -set -filter {jtag_cable_name =~ "xilinx tul 1234-tulA" && level==0} -index 0' command is executed.
17:17:24 INFO  : 'fpga -state' command is executed.
17:17:24 INFO  : Connected to target on host '127.0.0.1' and port '3121'.
17:17:24 INFO  : Jtag cable 'xilinx tul 1234-tulA' is selected.
17:17:24 INFO  : 'jtag frequency' command is executed.
17:17:24 INFO  : 'configparams mdm-detect-bscan-mask 2' command is executed.
17:17:24 INFO  : Context for processor 'microblaze_0' is selected.
17:17:24 INFO  : Processor reset is completed for 'microblaze_0'.
17:17:24 INFO  : Context for processor 'microblaze_0' is selected.
17:17:24 INFO  : The application 'E:/FPGA/digital_system_design/_my_snake_game_/_my_snake_game_.sdk/snake_game/Debug/snake_game.elf' is downloaded to processor 'microblaze_0'.
17:17:24 INFO  : ----------------XSDB Script----------------
connect -url tcp:127.0.0.1:3121
configparams mdm-detect-bscan-mask 2
targets -set -nocase -filter {name =~ "microblaze*#0" && bscan=="USER2"  && jtag_cable_name =~ "xilinx tul 1234-tulA"} -index 0
rst -processor
targets -set -nocase -filter {name =~ "microblaze*#0" && bscan=="USER2"  && jtag_cable_name =~ "xilinx tul 1234-tulA"} -index 0
dow E:/FPGA/digital_system_design/_my_snake_game_/_my_snake_game_.sdk/snake_game/Debug/snake_game.elf
----------------End of Script----------------

17:17:24 INFO  : Memory regions updated for context PA
17:17:24 INFO  : Memory regions updated for context PA
17:17:24 INFO  : Context for processor 'microblaze_0' is selected.
17:17:24 INFO  : 'con' command is executed.
17:17:24 INFO  : ----------------XSDB Script (After Launch)----------------
targets -set -nocase -filter {name =~ "microblaze*#0" && bscan=="USER2"  && jtag_cable_name =~ "xilinx tul 1234-tulA"} -index 0
con
----------------End of Script----------------

17:17:24 INFO  : Launch script is exported to file 'E:\FPGA\digital_system_design\_my_snake_game_\_my_snake_game_.sdk\.sdk\launch_scripts\xilinx_c-c++_application_(system_debugger)\system_debugger_using_debug_snake_game.elf_on_local.tcl'
17:19:41 INFO  : Connected to target on host '127.0.0.1' and port '3121'.
17:19:41 INFO  : 'targets -set -filter {jtag_cable_name =~ "xilinx tul 1234-tulA" && level==0} -index 0' command is executed.
17:19:42 INFO  : FPGA configured successfully with bitstream "E:/FPGA/digital_system_design/_my_snake_game_/_my_snake_game_.sdk/MicroBlazeDemo1_wrapper_hw_platform_0/download.bit"
17:20:16 INFO  : Disconnected from the channel tcfchan#5.
17:20:17 INFO  : 'targets -set -filter {jtag_cable_name =~ "xilinx tul 1234-tulA" && level==0} -index 0' command is executed.
17:20:17 INFO  : 'fpga -state' command is executed.
17:20:17 INFO  : Connected to target on host '127.0.0.1' and port '3121'.
17:20:17 INFO  : Jtag cable 'xilinx tul 1234-tulA' is selected.
17:20:17 INFO  : 'jtag frequency' command is executed.
17:20:17 INFO  : 'configparams mdm-detect-bscan-mask 2' command is executed.
17:20:17 INFO  : Context for processor 'microblaze_0' is selected.
17:20:17 INFO  : Processor reset is completed for 'microblaze_0'.
17:20:17 INFO  : Context for processor 'microblaze_0' is selected.
17:20:17 INFO  : The application 'E:/FPGA/digital_system_design/_my_snake_game_/_my_snake_game_.sdk/snake_game/Debug/snake_game.elf' is downloaded to processor 'microblaze_0'.
17:20:17 INFO  : ----------------XSDB Script----------------
connect -url tcp:127.0.0.1:3121
configparams mdm-detect-bscan-mask 2
targets -set -nocase -filter {name =~ "microblaze*#0" && bscan=="USER2"  && jtag_cable_name =~ "xilinx tul 1234-tulA"} -index 0
rst -processor
targets -set -nocase -filter {name =~ "microblaze*#0" && bscan=="USER2"  && jtag_cable_name =~ "xilinx tul 1234-tulA"} -index 0
dow E:/FPGA/digital_system_design/_my_snake_game_/_my_snake_game_.sdk/snake_game/Debug/snake_game.elf
----------------End of Script----------------

17:20:17 INFO  : Memory regions updated for context PA
17:20:17 INFO  : Memory regions updated for context PA
17:20:17 INFO  : Context for processor 'microblaze_0' is selected.
17:20:17 INFO  : 'con' command is executed.
17:20:17 INFO  : ----------------XSDB Script (After Launch)----------------
targets -set -nocase -filter {name =~ "microblaze*#0" && bscan=="USER2"  && jtag_cable_name =~ "xilinx tul 1234-tulA"} -index 0
con
----------------End of Script----------------

17:20:17 INFO  : Launch script is exported to file 'E:\FPGA\digital_system_design\_my_snake_game_\_my_snake_game_.sdk\.sdk\launch_scripts\xilinx_c-c++_application_(system_debugger)\system_debugger_using_debug_snake_game.elf_on_local.tcl'
17:22:23 INFO  : Disconnected from the channel tcfchan#6.
22:51:05 INFO  : Registering command handlers for SDK TCF services
22:51:06 INFO  : Launching XSCT server: xsct.bat -interactive E:\FPGA\digital_system_design\_my_snake_game_\_my_snake_game_.sdk\temp_xsdb_launch_script.tcl
22:51:08 INFO  : XSCT server has started successfully.
22:51:08 INFO  : Successfully done setting XSCT server connection channel  
22:51:08 INFO  : Successfully done setting SDK workspace  
22:51:08 INFO  : Processing command line option -hwspec E:/FPGA/digital_system_design/_my_snake_game_/_my_snake_game_.sdk/MicroBlazeDemo1_wrapper.hdf.
22:51:08 INFO  : Checking for hwspec changes in the project MicroBlazeDemo1_wrapper_hw_platform_0.
14:10:24 INFO  : Registering command handlers for SDK TCF services
14:10:24 INFO  : Launching XSCT server: xsct.bat -interactive E:\FPGA\digital_system_design\_my_snake_game_\_my_snake_game_.sdk\temp_xsdb_launch_script.tcl
14:10:26 INFO  : XSCT server has started successfully.
14:10:27 INFO  : Successfully done setting XSCT server connection channel  
14:10:27 INFO  : Successfully done setting SDK workspace  
14:10:27 INFO  : Processing command line option -hwspec E:/FPGA/digital_system_design/_my_snake_game_/_my_snake_game_.sdk/MicroBlazeDemo1_wrapper.hdf.
14:10:27 INFO  : Checking for hwspec changes in the project MicroBlazeDemo1_wrapper_hw_platform_0.
14:10:44 INFO  : Connected to target on host '127.0.0.1' and port '3121'.
14:10:44 INFO  : 'targets -set -filter {jtag_cable_name =~ "xilinx tul 1234-tulA" && level==0} -index 0' command is executed.
14:10:45 INFO  : FPGA configured successfully with bitstream "E:/FPGA/digital_system_design/_my_snake_game_/_my_snake_game_.sdk/MicroBlazeDemo1_wrapper_hw_platform_0/download.bit"
14:10:56 INFO  : 'targets -set -filter {jtag_cable_name =~ "xilinx tul 1234-tulA" && level==0} -index 0' command is executed.
14:10:56 INFO  : 'fpga -state' command is executed.
14:10:56 INFO  : Connected to target on host '127.0.0.1' and port '3121'.
14:10:57 INFO  : Jtag cable 'xilinx tul 1234-tulA' is selected.
14:10:57 INFO  : 'jtag frequency' command is executed.
14:10:57 INFO  : 'configparams mdm-detect-bscan-mask 2' command is executed.
14:10:57 INFO  : Context for processor 'microblaze_0' is selected.
14:10:57 INFO  : Processor reset is completed for 'microblaze_0'.
14:10:57 INFO  : Context for processor 'microblaze_0' is selected.
14:10:57 INFO  : The application 'E:/FPGA/digital_system_design/_my_snake_game_/_my_snake_game_.sdk/snake_game/Debug/snake_game.elf' is downloaded to processor 'microblaze_0'.
14:10:57 INFO  : ----------------XSDB Script----------------
connect -url tcp:127.0.0.1:3121
configparams mdm-detect-bscan-mask 2
targets -set -nocase -filter {name =~ "microblaze*#0" && bscan=="USER2"  && jtag_cable_name =~ "xilinx tul 1234-tulA"} -index 0
rst -processor
targets -set -nocase -filter {name =~ "microblaze*#0" && bscan=="USER2"  && jtag_cable_name =~ "xilinx tul 1234-tulA"} -index 0
dow E:/FPGA/digital_system_design/_my_snake_game_/_my_snake_game_.sdk/snake_game/Debug/snake_game.elf
----------------End of Script----------------

14:10:57 INFO  : Memory regions updated for context PA
14:10:57 INFO  : Memory regions updated for context PA
14:10:57 INFO  : Context for processor 'microblaze_0' is selected.
14:10:57 INFO  : 'con' command is executed.
14:10:57 INFO  : ----------------XSDB Script (After Launch)----------------
targets -set -nocase -filter {name =~ "microblaze*#0" && bscan=="USER2"  && jtag_cable_name =~ "xilinx tul 1234-tulA"} -index 0
con
----------------End of Script----------------

14:10:57 INFO  : Launch script is exported to file 'E:\FPGA\digital_system_design\_my_snake_game_\_my_snake_game_.sdk\.sdk\launch_scripts\xilinx_c-c++_application_(system_debugger)\system_debugger_using_debug_snake_game.elf_on_local.tcl'
14:40:42 INFO  : Disconnected from the channel tcfchan#1.
14:40:43 INFO  : 'targets -set -filter {jtag_cable_name =~ "xilinx tul 1234-tulA" && level==0} -index 0' command is executed.
14:40:43 INFO  : 'fpga -state' command is executed.
14:40:43 INFO  : Connected to target on host '127.0.0.1' and port '3121'.
14:40:43 INFO  : Jtag cable 'xilinx tul 1234-tulA' is selected.
14:40:43 INFO  : 'jtag frequency' command is executed.
14:40:43 INFO  : 'configparams mdm-detect-bscan-mask 2' command is executed.
14:40:43 INFO  : Context for processor 'microblaze_0' is selected.
14:40:43 INFO  : Processor reset is completed for 'microblaze_0'.
14:40:43 INFO  : Context for processor 'microblaze_0' is selected.
14:40:43 INFO  : The application 'E:/FPGA/digital_system_design/_my_snake_game_/_my_snake_game_.sdk/snake_game/Debug/snake_game.elf' is downloaded to processor 'microblaze_0'.
14:40:43 INFO  : ----------------XSDB Script----------------
connect -url tcp:127.0.0.1:3121
configparams mdm-detect-bscan-mask 2
targets -set -nocase -filter {name =~ "microblaze*#0" && bscan=="USER2"  && jtag_cable_name =~ "xilinx tul 1234-tulA"} -index 0
rst -processor
targets -set -nocase -filter {name =~ "microblaze*#0" && bscan=="USER2"  && jtag_cable_name =~ "xilinx tul 1234-tulA"} -index 0
dow E:/FPGA/digital_system_design/_my_snake_game_/_my_snake_game_.sdk/snake_game/Debug/snake_game.elf
----------------End of Script----------------

14:40:43 INFO  : Memory regions updated for context PA
14:40:43 INFO  : Memory regions updated for context PA
14:40:43 INFO  : Context for processor 'microblaze_0' is selected.
14:40:43 INFO  : 'con' command is executed.
14:40:43 INFO  : ----------------XSDB Script (After Launch)----------------
targets -set -nocase -filter {name =~ "microblaze*#0" && bscan=="USER2"  && jtag_cable_name =~ "xilinx tul 1234-tulA"} -index 0
con
----------------End of Script----------------

14:40:43 INFO  : Launch script is exported to file 'E:\FPGA\digital_system_design\_my_snake_game_\_my_snake_game_.sdk\.sdk\launch_scripts\xilinx_c-c++_application_(system_debugger)\system_debugger_using_debug_snake_game.elf_on_local.tcl'
14:41:00 INFO  : Connected to target on host '127.0.0.1' and port '3121'.
14:41:01 INFO  : 'targets -set -filter {jtag_cable_name =~ "xilinx tul 1234-tulA" && level==0} -index 0' command is executed.
14:41:02 INFO  : FPGA configured successfully with bitstream "E:/FPGA/digital_system_design/_my_snake_game_/_my_snake_game_.sdk/MicroBlazeDemo1_wrapper_hw_platform_0/download.bit"
14:41:09 INFO  : Disconnected from the channel tcfchan#2.
14:41:10 INFO  : 'targets -set -filter {jtag_cable_name =~ "xilinx tul 1234-tulA" && level==0} -index 0' command is executed.
14:41:10 INFO  : 'fpga -state' command is executed.
14:41:10 INFO  : Connected to target on host '127.0.0.1' and port '3121'.
14:41:10 INFO  : Jtag cable 'xilinx tul 1234-tulA' is selected.
14:41:10 INFO  : 'jtag frequency' command is executed.
14:41:10 INFO  : 'configparams mdm-detect-bscan-mask 2' command is executed.
14:41:10 INFO  : Context for processor 'microblaze_0' is selected.
14:41:10 INFO  : Processor reset is completed for 'microblaze_0'.
14:41:10 INFO  : Context for processor 'microblaze_0' is selected.
14:41:10 INFO  : The application 'E:/FPGA/digital_system_design/_my_snake_game_/_my_snake_game_.sdk/snake_game/Debug/snake_game.elf' is downloaded to processor 'microblaze_0'.
14:41:10 INFO  : ----------------XSDB Script----------------
connect -url tcp:127.0.0.1:3121
configparams mdm-detect-bscan-mask 2
targets -set -nocase -filter {name =~ "microblaze*#0" && bscan=="USER2"  && jtag_cable_name =~ "xilinx tul 1234-tulA"} -index 0
rst -processor
targets -set -nocase -filter {name =~ "microblaze*#0" && bscan=="USER2"  && jtag_cable_name =~ "xilinx tul 1234-tulA"} -index 0
dow E:/FPGA/digital_system_design/_my_snake_game_/_my_snake_game_.sdk/snake_game/Debug/snake_game.elf
----------------End of Script----------------

14:41:10 INFO  : Memory regions updated for context PA
14:41:10 INFO  : Memory regions updated for context PA
14:41:10 INFO  : Context for processor 'microblaze_0' is selected.
14:41:10 INFO  : 'con' command is executed.
14:41:10 INFO  : ----------------XSDB Script (After Launch)----------------
targets -set -nocase -filter {name =~ "microblaze*#0" && bscan=="USER2"  && jtag_cable_name =~ "xilinx tul 1234-tulA"} -index 0
con
----------------End of Script----------------

14:41:10 INFO  : Launch script is exported to file 'E:\FPGA\digital_system_design\_my_snake_game_\_my_snake_game_.sdk\.sdk\launch_scripts\xilinx_c-c++_application_(system_debugger)\system_debugger_using_debug_snake_game.elf_on_local.tcl'
16:13:25 INFO  : Connected to target on host '127.0.0.1' and port '3121'.
16:13:25 INFO  : 'targets -set -filter {jtag_cable_name =~ "xilinx tul 1234-tulA" && level==0} -index 0' command is executed.
16:13:27 INFO  : FPGA configured successfully with bitstream "E:/FPGA/digital_system_design/_my_snake_game_/_my_snake_game_.sdk/MicroBlazeDemo1_wrapper_hw_platform_0/download.bit"
16:13:39 INFO  : Disconnected from the channel tcfchan#3.
16:13:40 INFO  : 'targets -set -filter {jtag_cable_name =~ "xilinx tul 1234-tulA" && level==0} -index 0' command is executed.
16:13:40 INFO  : 'fpga -state' command is executed.
16:13:40 INFO  : Connected to target on host '127.0.0.1' and port '3121'.
16:13:40 INFO  : Jtag cable 'xilinx tul 1234-tulA' is selected.
16:13:40 INFO  : 'jtag frequency' command is executed.
16:13:40 INFO  : 'configparams mdm-detect-bscan-mask 2' command is executed.
16:13:40 INFO  : Context for processor 'microblaze_0' is selected.
16:13:40 INFO  : Processor reset is completed for 'microblaze_0'.
16:13:40 INFO  : Context for processor 'microblaze_0' is selected.
16:13:40 INFO  : The application 'E:/FPGA/digital_system_design/_my_snake_game_/_my_snake_game_.sdk/snake_game/Debug/snake_game.elf' is downloaded to processor 'microblaze_0'.
16:13:40 INFO  : ----------------XSDB Script----------------
connect -url tcp:127.0.0.1:3121
configparams mdm-detect-bscan-mask 2
targets -set -nocase -filter {name =~ "microblaze*#0" && bscan=="USER2"  && jtag_cable_name =~ "xilinx tul 1234-tulA"} -index 0
rst -processor
targets -set -nocase -filter {name =~ "microblaze*#0" && bscan=="USER2"  && jtag_cable_name =~ "xilinx tul 1234-tulA"} -index 0
dow E:/FPGA/digital_system_design/_my_snake_game_/_my_snake_game_.sdk/snake_game/Debug/snake_game.elf
----------------End of Script----------------

16:13:40 INFO  : Memory regions updated for context PA
16:13:40 INFO  : Memory regions updated for context PA
16:13:40 INFO  : Context for processor 'microblaze_0' is selected.
16:13:40 INFO  : 'con' command is executed.
16:13:40 INFO  : ----------------XSDB Script (After Launch)----------------
targets -set -nocase -filter {name =~ "microblaze*#0" && bscan=="USER2"  && jtag_cable_name =~ "xilinx tul 1234-tulA"} -index 0
con
----------------End of Script----------------

16:13:40 INFO  : Launch script is exported to file 'E:\FPGA\digital_system_design\_my_snake_game_\_my_snake_game_.sdk\.sdk\launch_scripts\xilinx_c-c++_application_(system_debugger)\system_debugger_using_debug_snake_game.elf_on_local.tcl'
16:18:23 INFO  : Disconnected from the channel tcfchan#4.
14:20:45 INFO  : Registering command handlers for SDK TCF services
14:20:46 INFO  : Launching XSCT server: xsct.bat -interactive E:\FPGA\digital_system_design\_my_snake_game_\_my_snake_game_.sdk\temp_xsdb_launch_script.tcl
14:20:48 INFO  : XSCT server has started successfully.
14:20:48 INFO  : Successfully done setting XSCT server connection channel  
14:20:48 INFO  : Successfully done setting SDK workspace  
14:20:48 INFO  : Processing command line option -hwspec E:/FPGA/digital_system_design/_my_snake_game_/_my_snake_game_.sdk/MicroBlazeDemo1_wrapper.hdf.
14:20:48 INFO  : Checking for hwspec changes in the project MicroBlazeDemo1_wrapper_hw_platform_0.
14:21:53 INFO  : Connected to target on host '127.0.0.1' and port '3121'.
14:21:53 INFO  : 'targets -set -filter {jtag_cable_name =~ "xilinx tul 1234-tulA" && level==0} -index 0' command is executed.
14:21:54 INFO  : FPGA configured successfully with bitstream "E:/FPGA/digital_system_design/_my_snake_game_/_my_snake_game_.sdk/MicroBlazeDemo1_wrapper_hw_platform_0/download.bit"
14:22:20 INFO  : 'targets -set -filter {jtag_cable_name =~ "xilinx tul 1234-tulA" && level==0} -index 0' command is executed.
14:22:20 INFO  : 'fpga -state' command is executed.
14:22:20 INFO  : Connected to target on host '127.0.0.1' and port '3121'.
14:22:20 INFO  : Jtag cable 'xilinx tul 1234-tulA' is selected.
14:22:20 INFO  : 'jtag frequency' command is executed.
14:22:20 INFO  : 'configparams mdm-detect-bscan-mask 2' command is executed.
14:22:20 INFO  : Context for processor 'microblaze_0' is selected.
14:22:20 INFO  : Processor reset is completed for 'microblaze_0'.
14:22:20 INFO  : Context for processor 'microblaze_0' is selected.
14:22:20 INFO  : The application 'E:/FPGA/digital_system_design/_my_snake_game_/_my_snake_game_.sdk/snake_game/Debug/snake_game.elf' is downloaded to processor 'microblaze_0'.
14:22:20 INFO  : ----------------XSDB Script----------------
connect -url tcp:127.0.0.1:3121
configparams mdm-detect-bscan-mask 2
targets -set -nocase -filter {name =~ "microblaze*#0" && bscan=="USER2"  && jtag_cable_name =~ "xilinx tul 1234-tulA"} -index 0
rst -processor
targets -set -nocase -filter {name =~ "microblaze*#0" && bscan=="USER2"  && jtag_cable_name =~ "xilinx tul 1234-tulA"} -index 0
dow E:/FPGA/digital_system_design/_my_snake_game_/_my_snake_game_.sdk/snake_game/Debug/snake_game.elf
----------------End of Script----------------

14:22:20 INFO  : Memory regions updated for context PA
14:22:20 INFO  : Memory regions updated for context PA
14:22:20 INFO  : Context for processor 'microblaze_0' is selected.
14:22:20 INFO  : 'con' command is executed.
14:22:20 INFO  : ----------------XSDB Script (After Launch)----------------
targets -set -nocase -filter {name =~ "microblaze*#0" && bscan=="USER2"  && jtag_cable_name =~ "xilinx tul 1234-tulA"} -index 0
con
----------------End of Script----------------

14:22:20 INFO  : Launch script is exported to file 'E:\FPGA\digital_system_design\_my_snake_game_\_my_snake_game_.sdk\.sdk\launch_scripts\xilinx_c-c++_application_(system_debugger)\system_debugger_using_debug_snake_game.elf_on_local.tcl'
14:28:19 INFO  : Connected to target on host '127.0.0.1' and port '3121'.
14:28:19 INFO  : 'targets -set -filter {jtag_cable_name =~ "xilinx tul 1234-tulA" && level==0} -index 0' command is executed.
14:28:21 INFO  : FPGA configured successfully with bitstream "E:/FPGA/digital_system_design/_my_snake_game_/_my_snake_game_.sdk/MicroBlazeDemo1_wrapper_hw_platform_0/download.bit"
14:28:41 INFO  : Disconnected from the channel tcfchan#1.
14:28:43 INFO  : 'targets -set -filter {jtag_cable_name =~ "xilinx tul 1234-tulA" && level==0} -index 0' command is executed.
14:28:43 INFO  : 'fpga -state' command is executed.
14:28:43 INFO  : Connected to target on host '127.0.0.1' and port '3121'.
14:28:43 INFO  : Jtag cable 'xilinx tul 1234-tulA' is selected.
14:28:43 INFO  : 'jtag frequency' command is executed.
14:28:43 INFO  : 'configparams mdm-detect-bscan-mask 2' command is executed.
14:28:43 INFO  : Context for processor 'microblaze_0' is selected.
14:28:43 INFO  : Processor reset is completed for 'microblaze_0'.
14:28:43 INFO  : Context for processor 'microblaze_0' is selected.
14:28:43 INFO  : The application 'E:/FPGA/digital_system_design/_my_snake_game_/_my_snake_game_.sdk/snake_game/Debug/snake_game.elf' is downloaded to processor 'microblaze_0'.
14:28:43 INFO  : ----------------XSDB Script----------------
connect -url tcp:127.0.0.1:3121
configparams mdm-detect-bscan-mask 2
targets -set -nocase -filter {name =~ "microblaze*#0" && bscan=="USER2"  && jtag_cable_name =~ "xilinx tul 1234-tulA"} -index 0
rst -processor
targets -set -nocase -filter {name =~ "microblaze*#0" && bscan=="USER2"  && jtag_cable_name =~ "xilinx tul 1234-tulA"} -index 0
dow E:/FPGA/digital_system_design/_my_snake_game_/_my_snake_game_.sdk/snake_game/Debug/snake_game.elf
----------------End of Script----------------

14:28:43 INFO  : Memory regions updated for context PA
14:28:43 INFO  : Memory regions updated for context PA
14:28:43 INFO  : Context for processor 'microblaze_0' is selected.
14:28:43 INFO  : 'con' command is executed.
14:28:43 INFO  : ----------------XSDB Script (After Launch)----------------
targets -set -nocase -filter {name =~ "microblaze*#0" && bscan=="USER2"  && jtag_cable_name =~ "xilinx tul 1234-tulA"} -index 0
con
----------------End of Script----------------

14:28:43 INFO  : Launch script is exported to file 'E:\FPGA\digital_system_design\_my_snake_game_\_my_snake_game_.sdk\.sdk\launch_scripts\xilinx_c-c++_application_(system_debugger)\system_debugger_using_debug_snake_game.elf_on_local.tcl'
14:34:04 INFO  : Disconnected from the channel tcfchan#2.
