Copyright 1986-2018 Xilinx, Inc. All Rights Reserved.
------------------------------------------------------------------------------------
| Tool Version : Vivado v.2018.3 (win64) Build 2405991 Thu Dec  6 23:38:27 MST 2018
| Date         : Sat Dec 10 15:22:05 2022
| Host         : DESKTOP-37A9H0N running 64-bit major release  (build 9200)
| Command      : report_control_sets -verbose -file top_control_sets_placed.rpt
| Design       : top
| Device       : xc7a35t
------------------------------------------------------------------------------------

Control Set Information

Table of Contents
-----------------
1. Summary
2. Histogram
3. Flip-Flop Distribution
4. Detailed Control Set Information

1. Summary
----------

+----------------------------------------------------------+-------+
|                          Status                          | Count |
+----------------------------------------------------------+-------+
| Number of unique control sets                            |   152 |
| Unused register locations in slices containing registers |   673 |
+----------------------------------------------------------+-------+


2. Histogram
------------

+--------+--------------+
| Fanout | Control Sets |
+--------+--------------+
|      1 |           40 |
|      2 |           26 |
|      3 |           10 |
|      4 |           16 |
|      5 |           13 |
|      6 |            6 |
|      7 |           25 |
|      8 |            5 |
|      9 |            2 |
|     11 |            1 |
|     12 |            1 |
|     13 |            1 |
|     14 |            1 |
|    16+ |            5 |
+--------+--------------+


3. Flip-Flop Distribution
-------------------------

+--------------+-----------------------+------------------------+-----------------+--------------+
| Clock Enable | Synchronous Set/Reset | Asynchronous Set/Reset | Total Registers | Total Slices |
+--------------+-----------------------+------------------------+-----------------+--------------+
| No           | No                    | No                     |              38 |           21 |
| No           | No                    | Yes                    |             187 |           62 |
| No           | Yes                   | No                     |              21 |           11 |
| Yes          | No                    | No                     |               0 |            0 |
| Yes          | No                    | Yes                    |             553 |          305 |
| Yes          | Yes                   | No                     |               0 |            0 |
+--------------+-----------------------+------------------------+-----------------+--------------+


4. Detailed Control Set Information
-----------------------------------

+--------------------------------------------+------------------------------------+--------------------------------------------+------------------+----------------+
|                Clock Signal                |            Enable Signal           |              Set/Reset Signal              | Slice Load Count | Bel Load Count |
+--------------------------------------------+------------------------------------+--------------------------------------------+------------------+----------------+
|  clk_update                                | new_direction/direction_reg[1]_0   | snake_graph/rst_n                          |                1 |              1 |
|  snake_graph/snake_y_reg[0][4]_LDC_i_2_n_0 |                                    | snake_graph/snake_y_reg[0][4]_LDC_i_1_n_0  |                1 |              1 |
|  clk_update                                | snake_graph/size_reg[30]_34[0]     | snake_graph/rst_n_0                        |                1 |              1 |
|  clk_update                                | snake_graph/size_reg[30]_55[0]     | snake_graph/rst_n                          |                1 |              1 |
|  clk_update                                | snake_graph/size_reg[30]_55[0]     | snake_graph/rst_n_0                        |                1 |              1 |
|  clk_update                                | snake_graph/size_reg[30]_37[0]     | snake_graph/rst_n                          |                1 |              1 |
|  clk_update                                | snake_graph/size_reg[30]_50[0]     | snake_graph/rst_n_1                        |                1 |              1 |
|  clk_update                                | snake_graph/size_reg[30]_47[0]     | snake_graph/rst_n                          |                1 |              1 |
|  clk_update                                | snake_graph/size_reg[30]_47[0]     | snake_graph/rst_n_0                        |                1 |              1 |
|  clk_update                                | snake_graph/size_reg[30]_50[0]     | snake_graph/rst_n_0                        |                1 |              1 |
|  clk_update                                | snake_graph/size_reg[30]_49[0]     | snake_graph/rst_n                          |                1 |              1 |
|  clk_update                                |                                    | snake_graph/rst_n                          |                1 |              1 |
|  clk_update                                |                                    | snake_graph/snake_y_reg[0][4]_LDC_i_1_n_0  |                1 |              1 |
|  clk_update                                |                                    | snake_graph/snake_y_reg[0][4]_LDC_i_2_n_0  |                1 |              1 |
|  clk_update                                | snake_graph/size_reg[30]_38[0]     | snake_graph/rst_n_0                        |                1 |              1 |
|  clk_update                                | snake_graph/size_reg[30]_46[0]     | snake_graph/rst_n_0                        |                1 |              1 |
|  clk_update                                | snake_graph/size_reg[30]_41[0]     | snake_graph/rst_n                          |                1 |              1 |
|  clk_update                                | snake_graph/size_reg[30]_39[0]     | snake_graph/rst_n_0                        |                1 |              1 |
|  clk_update                                | new_direction/direction_reg[1]_0   | snake_graph/rst_n_1                        |                1 |              1 |
|  clk_update                                | snake_graph/size_reg[30]_39[0]     | snake_graph/rst_n                          |                1 |              1 |
|  clk_update                                | snake_graph/size_reg[30]_35[0]     | snake_graph/rst_n_0                        |                1 |              1 |
|  clk_update                                | snake_graph/size_reg[30]_30[0]     | snake_graph/rst_n_0                        |                1 |              1 |
|  clk_update                                | snake_graph/size_reg[30]_29[0]     | snake_graph/snake_y[4][1]_i_1_n_0          |                1 |              1 |
|  clk_update                                | snake_graph/size_reg[30]_51[0]     | snake_graph/rst_n                          |                1 |              1 |
|  clk_update                                | snake_graph/size_reg[30]_51[0]     | snake_graph/rst_n_0                        |                1 |              1 |
|  clk_update                                | snake_graph/size_reg[30]_42[0]     | snake_graph/rst_n_0                        |                1 |              1 |
|  clk_update                                | snake_graph/size_reg[30]_43[0]     | snake_graph/rst_n_0                        |                1 |              1 |
|  clk_update                                | snake_graph/size_reg[30]_53[0]     | snake_graph/rst_n                          |                1 |              1 |
|  clk_update                                | snake_graph/size_reg[30]_45[0]     | snake_graph/rst_n                          |                1 |              1 |
|  clk_update                                | snake_graph/size_reg[30]_43[0]     | snake_graph/rst_n                          |                1 |              1 |
|  clk_IBUF_BUFG                             | new_direction/jitter3/button_out_0 | new_direction/jitter1/rst_n                |                1 |              1 |
|  clk_update                                | snake_graph/size_reg[30]_28[0]     | snake_graph/snake_y[4][1]_i_1_n_0          |                1 |              1 |
|  clk_update                                | snake_graph/size_reg[30]_31[0]     | snake_graph/rst_n_0                        |                1 |              1 |
|  clk_update                                | snake_graph/size_reg[30]_54[0]     | snake_graph/new_clk/rst_n                  |                1 |              1 |
|  clk_update                                | snake_graph/size_reg[30]_54[0]     | snake_graph/rst_n_0                        |                1 |              1 |
|  clk_IBUF_BUFG                             | new_direction/jitter0/button_out   | new_direction/jitter1/rst_n                |                1 |              1 |
|  clk_IBUF_BUFG                             | new_direction/jitter1/button_out   | new_direction/jitter1/rst_n                |                1 |              1 |
|  clk_IBUF_BUFG                             | new_direction/jitter2/button_out   | new_direction/jitter1/rst_n                |                1 |              1 |
|  clk_update                                | snake_graph/size_reg[30]_32[0]     | snake_graph/snake_y[4][1]_i_1_n_0          |                1 |              1 |
|  clk_update                                | snake_graph/size_reg[30]_33[0]     | snake_graph/snake_y[4][1]_i_1_n_0          |                1 |              1 |
|  clk_update                                | snake_graph/size_reg[30]_33[0]     | snake_graph/rst_n_0                        |                1 |              2 |
|  clk_update                                | snake_graph/size_reg[30]_55[0]     | snake_graph/new_clk/rst_n                  |                1 |              2 |
|  clk_update                                | snake_graph/size_reg[30]_37[0]     | snake_graph/rst_n_0                        |                1 |              2 |
|  clk_update                                | snake_graph/size_reg[30]_45[0]     | snake_graph/rst_n_0                        |                1 |              2 |
|  clk_update                                | snake_graph/size_reg[30]_30[0]     | snake_graph/snake_y[4][1]_i_1_n_0          |                1 |              2 |
|  clk_update                                | new_direction/p_2_in               | snake_graph/snake_y_reg[0][4]_LDC_i_1_n_0  |                1 |              2 |
|  clk_update                                | new_direction/p_2_in               | snake_graph/snake_y_reg[0][4]_LDC_i_2_n_0  |                1 |              2 |
|  clk_update                                | new_direction/direction_reg[1]_0   | snake_graph/rst_n_0                        |                1 |              2 |
|  snake_graph/snake_y_reg[0][4]_LDC_i_1_n_0 |                                    | snake_graph/snake_y_reg[0][4]_LDC_i_2_n_0  |                2 |              2 |
|  clk_update                                | snake_graph/size_reg[30]_35[0]     | snake_graph/rst_n_1                        |                1 |              2 |
|  clk_IBUF_BUFG                             |                                    | snake_graph/rst_n_1                        |                2 |              2 |
|  clk_update                                | snake_graph/size_reg[30]_49[0]     | snake_graph/rst_n_0                        |                1 |              2 |
|  clk_update                                | snake_graph/E[0]                   | snake_graph/rst_n_0                        |                2 |              2 |
|  clk_update                                | snake_graph/size_reg[30]_28[0]     | snake_graph/rst_n_0                        |                1 |              2 |
|  clk_update                                | snake_graph/size_reg[30]_53[0]     | snake_graph/rst_n_0                        |                2 |              2 |
|  clk_update                                | snake_graph/size_reg[30]_34[0]     | snake_graph/snake_y[4][1]_i_1_n_0          |                2 |              2 |
|  clk_update                                | snake_graph/size_reg[30]_44[0]     | snake_graph/rst_n_0                        |                1 |              2 |
|  clk_update                                | snake_graph/size_reg[30]_31[0]     | snake_graph/snake_y[4][1]_i_1_n_0          |                1 |              2 |
|  clk_update                                | snake_graph/size_reg[30]_35[0]     | snake_graph/rst_n                          |                2 |              2 |
|  clk_update                                | snake_graph/size_reg[30]_40[0]     | snake_graph/rst_n_0                        |                1 |              2 |
|  clk_update                                | snake_graph/size_reg[30]_36[0]     | snake_graph/rst_n_0                        |                1 |              2 |
|  clk_update                                | snake_graph/size_reg[30]_32[0]     | snake_graph/rst_n_0                        |                1 |              2 |
|  clk_update                                | snake_graph/size_reg[30]_29[0]     | snake_graph/rst_n_0                        |                1 |              2 |
|  clk_update                                | snake_graph/size_reg[30]_41[0]     | snake_graph/rst_n_0                        |                1 |              2 |
|  clk_update                                | snake_graph/size_reg[30]_52[0]     | snake_graph/rst_n_0                        |                2 |              2 |
|  clk_update                                | snake_graph/size_reg[30]_48[0]     | snake_graph/rst_n_0                        |                2 |              2 |
|  clk_update                                | snake_graph/size_reg[30]_26[0]     | snake_graph/rst_n_0                        |                2 |              3 |
|  clk_update                                | new_direction/direction_reg[1]_0   | snake_graph/snake_y_reg[0][4]_LDC_i_1_n_0  |                1 |              3 |
|  clk_update                                | new_direction/direction_reg[1]_0   | snake_graph/snake_y_reg[0][4]_LDC_i_2_n_0  |                2 |              3 |
|  clk_update                                | snake_graph/size_reg[30]_31[0]     | snake_graph/rst_n_1                        |                2 |              3 |
|  clk_update                                | snake_graph/size_reg[30]_29[0]     | snake_graph/rst_n_1                        |                1 |              3 |
|  clk_update                                | snake_graph/size_reg[30]_33[0]     | snake_graph/rst_n_1                        |                2 |              3 |
|  clk_update                                | snake_graph/size_reg[30]_27[0]     | snake_graph/rst_n_1                        |                2 |              3 |
|  clk_update                                | snake_graph/size_reg[30]_27[0]     | snake_graph/rst_n_0                        |                2 |              3 |
|  clk_update                                | snake_graph/size_reg[30]_35[0]     | snake_graph/snake_y[4][1]_i_1_n_0          |                2 |              3 |
|  clk_update                                | snake_graph/size_reg[30]_55[0]     | snake_graph/snake_y[4][1]_i_1_n_0          |                1 |              3 |
|  clk_update                                | snake_graph/size_reg[30]_41[0]     | snake_graph/snake_y[4][1]_i_1_n_0          |                2 |              4 |
|  clk_update                                | snake_graph/size_reg[30]_37[0]     | snake_graph/snake_y[4][1]_i_1_n_0          |                2 |              4 |
|  clk_update                                | snake_graph/size_reg[30]_45[0]     | snake_graph/snake_y[4][1]_i_1_n_0          |                3 |              4 |
|  clk_update                                | snake_graph/size_reg[30]_53[0]     | snake_graph/snake_y[4][1]_i_1_n_0          |                2 |              4 |
|  clk_update                                | snake_graph/size_reg[30]_49[0]     | snake_graph/snake_y[4][1]_i_1_n_0          |                2 |              4 |
|  clk_update                                |                                    | snake_graph/random_apple/rand_x[8]_i_1_n_0 |                2 |              4 |
|  clk_update                                |                                    | snake_graph/random_apple/rand_y[9]_i_1_n_0 |                2 |              4 |
|  clk_update                                | new_direction/p_2_in               | snake_graph/rst_n                          |                2 |              4 |
|  clk_update                                | snake_graph/E[0]                   | snake_graph/rst_n_1                        |                2 |              4 |
|  clk_update                                | snake_graph/size_reg[30]_28[0]     | snake_graph/rst_n_1                        |                2 |              4 |
|  clk_IBUF_BUFG                             |                                    | snake_graph/rst_n                          |                4 |              4 |
|  clk_update                                | snake_graph/size_reg[30]_34[0]     | snake_graph/rst_n_1                        |                3 |              4 |
|  clk_update                                | snake_graph/size_reg[30]_32[0]     | snake_graph/rst_n_1                        |                3 |              4 |
|  clk_IBUF_BUFG                             | new_direction/jitter1/E[0]         | snake_graph/rst_n                          |                2 |              4 |
|  clk_update                                | snake_graph/size_reg[30]_30[0]     | snake_graph/rst_n_1                        |                3 |              4 |
|  clk_update                                | snake_graph/size_reg[30]_26[0]     | snake_graph/rst_n_1                        |                2 |              4 |
|  clk_update                                | snake_graph/size_reg[30]_43[0]     | snake_graph/snake_y[4][1]_i_1_n_0          |                2 |              5 |
|  clk_update                                | snake_graph/size_reg[30]_44[0]     | snake_graph/snake_y[4][1]_i_1_n_0          |                3 |              5 |
|  clk_update                                | snake_graph/size_reg[30]_51[0]     | snake_graph/snake_y[4][1]_i_1_n_0          |                2 |              5 |
|  clk_update                                | snake_graph/size_reg[30]_52[0]     | snake_graph/snake_y[4][1]_i_1_n_0          |                3 |              5 |
|  clk_update                                |                                    | snake_graph/random_apple/rand_y1           |                2 |              5 |
|  clk_update                                | snake_graph/size_reg[30]_47[0]     | snake_graph/snake_y[4][1]_i_1_n_0          |                3 |              5 |
|  clk_update                                | snake_graph/size_reg[30]_48[0]     | snake_graph/snake_y[4][1]_i_1_n_0          |                3 |              5 |
|  clk_update                                |                                    | snake_graph/random_apple/rand_x10_in       |                2 |              5 |
|  clk_update                                | snake_graph/size_reg[30]_36[0]     | snake_graph/snake_y[4][1]_i_1_n_0          |                2 |              5 |
|  clk_update                                | snake_graph/size_reg[30]_54[0]     | snake_graph/snake_y[4][1]_i_1_n_0          |                2 |              5 |
|  clk_IBUF_BUFG                             |                                    |                                            |                4 |              5 |
|  clk_update                                | snake_graph/size_reg[30]_40[0]     | snake_graph/snake_y[4][1]_i_1_n_0          |                3 |              5 |
|  clk_update                                | snake_graph/size_reg[30]_39[0]     | snake_graph/snake_y[4][1]_i_1_n_0          |                2 |              5 |
|  clk_update                                | snake_graph/size_reg[30]_42[0]     | snake_graph/snake_y[4][1]_i_1_n_0          |                3 |              6 |
|  clk_update                                | snake_graph/size_reg[30]_38[0]     | snake_graph/snake_y[4][1]_i_1_n_0          |                3 |              6 |
|  clk_update                                | snake_graph/size_reg[30]_50[0]     | snake_graph/snake_x[11][5]_i_1_n_0         |                4 |              6 |
|  clk_update                                | snake_graph/size_reg[30]_46[0]     | snake_graph/snake_y[4][1]_i_1_n_0          |                4 |              6 |
|  clk_update                                | snake_graph/size_reg[30]_50[0]     | snake_graph/snake_y[4][1]_i_1_n_0          |                2 |              6 |
|  clk_update                                | snake_graph/size_reg[30]_35[0]     | snake_graph/snake_x[11][5]_i_1_n_0         |                5 |              6 |
|  clk_update                                | snake_graph/size_reg[30]_32[0]     | snake_graph/rst_n                          |                4 |              7 |
|  clk_update                                | snake_graph/size_reg[30]_34[0]     | snake_graph/rst_n                          |                4 |              7 |
|  clk_update                                | snake_graph/size_reg[30]_47[0]     | snake_graph/snake_x[11][5]_i_1_n_0         |                3 |              7 |
|  clk_update                                | snake_graph/size_reg[30]_36[0]     | snake_graph/snake_x[11][5]_i_1_n_0         |                3 |              7 |
|  clk_update                                | snake_graph/size_reg[30]_44[0]     | snake_graph/snake_x[11][5]_i_1_n_0         |                3 |              7 |
|  clk_update                                | snake_graph/size_reg[30]_28[0]     | snake_graph/rst_n                          |                2 |              7 |
|  clk_update                                | snake_graph/size_reg[30]_53[0]     | snake_graph/rst_n_1                        |                4 |              7 |
|  clk_update                                | snake_graph/size_reg[30]_37[0]     | snake_graph/snake_x[11][5]_i_1_n_0         |                6 |              7 |
|  clk_update                                | snake_graph/size_reg[30]_51[0]     | snake_graph/rst_n_1                        |                4 |              7 |
|  sync/hcount_reg[8]_1[0]                   |                                    |                                            |                5 |              7 |
|  clk_update                                | snake_graph/size_reg[30]_49[0]     | snake_graph/snake_x[11][5]_i_1_n_0         |                3 |              7 |
|  clk_update                                | snake_graph/size_reg[30]_42[0]     | snake_graph/snake_x[11][5]_i_1_n_0         |                4 |              7 |
|  clk_update                                | snake_graph/size_reg[30]_55[0]     | snake_graph/rst_n_1                        |                3 |              7 |
|  clk_update                                | snake_graph/size_reg[30]_30[0]     | snake_graph/rst_n                          |                3 |              7 |
|  clk_update                                | snake_graph/size_reg[30]_52[0]     | snake_graph/rst_n_1                        |                3 |              7 |
|  clk_update                                | snake_graph/size_reg[30]_48[0]     | snake_graph/snake_x[11][5]_i_1_n_0         |                4 |              7 |
|  clk_update                                | snake_graph/size_reg[30]_45[0]     | snake_graph/snake_x[11][5]_i_1_n_0         |                3 |              7 |
|  clk_update                                | snake_graph/size_reg[30]_43[0]     | snake_graph/snake_x[11][5]_i_1_n_0         |                6 |              7 |
|  clk_update                                | snake_graph/size_reg[30]_54[0]     | snake_graph/rst_n_1                        |                4 |              7 |
|  clk_update                                | snake_graph/size_reg[30]_39[0]     | snake_graph/snake_x[11][5]_i_1_n_0         |                4 |              7 |
|  clk_update                                | snake_graph/size_reg[30]_41[0]     | snake_graph/snake_x[11][5]_i_1_n_0         |                5 |              7 |
|  clk_update                                | snake_graph/size_reg[30]_26[0]     | snake_graph/rst_n                          |                4 |              7 |
|  clk_update                                | snake_graph/size_reg[30]_40[0]     | snake_graph/snake_x[11][5]_i_1_n_0         |                4 |              7 |
|  clk_update                                | snake_graph/size_reg[30]_38[0]     | snake_graph/snake_x[11][5]_i_1_n_0         |                5 |              7 |
|  clk_update                                | snake_graph/size_reg[30]_46[0]     | snake_graph/snake_x[11][5]_i_1_n_0         |                4 |              7 |
|  clk_update                                | snake_graph/E[0]                   | snake_graph/rst_n                          |                5 |              8 |
|  clk_update                                | snake_graph/size_reg[30]_29[0]     | snake_graph/rst_n                          |                4 |              8 |
|  clk_update                                | snake_graph/size_reg[30]_31[0]     | snake_graph/rst_n                          |                3 |              8 |
|  clk_update                                | snake_graph/size_reg[30]_33[0]     | snake_graph/rst_n                          |                7 |              8 |
|  clk_update                                | snake_graph/size_reg[30]_27[0]     | snake_graph/rst_n                          |                3 |              8 |
|  clk_update                                | snake_graph/apple_eaten            | snake_graph/rst_n_1                        |                4 |              9 |
|  clk_update                                | snake_graph/apple_eaten            | snake_graph/rst_n                          |                4 |              9 |
|  sync/vga_clk_reg_n_0                      | sync/sel                           | snake_graph/rst_n_1                        |                7 |             11 |
|  clk_update                                |                                    |                                            |                5 |             12 |
|  sync/vga_clk_reg_n_0                      |                                    | snake_graph/rst_n_1                        |                6 |             13 |
| ~sync/rgb_OBUF[7]_inst_i_5_n_0             |                                    |                                            |                7 |             14 |
|  clk_IBUF_BUFG                             |                                    | snake_graph/rst_n_0                        |                8 |             26 |
|  clk_update                                | snake_graph/apple_eaten0           | snake_graph/rst_n_0                        |                8 |             32 |
|  clk_IBUF_BUFG                             | snake_graph/high_reg[31]_i_1_n_0   | reset_high_IBUF                            |                9 |             32 |
|  clk_IBUF_BUFG                             |                                    | snake_graph/new_clk/rst_n                  |                9 |             33 |
|  clk_IBUF_BUFG                             |                                    | new_direction/jitter1/rst_n                |               30 |            106 |
+--------------------------------------------+------------------------------------+--------------------------------------------+------------------+----------------+


