#-----------------------------------------------------------
# Vivado v2018.3 (64-bit)
# SW Build 2405991 on Thu Dec  6 23:38:27 MST 2018
# IP Build 2404404 on Fri Dec  7 01:43:56 MST 2018
# Start of session at: Wed Feb 22 14:18:42 2023
# Process ID: 2248
# Current directory: E:/FPGA/digital_system_design/_my_snake_game_
# Command line: vivado.exe -gui_launcher_event rodinguilauncherevent7640 E:\FPGA\digital_system_design\_my_snake_game_\_my_snake_game_.xpr
# Log file: E:/FPGA/digital_system_design/_my_snake_game_/vivado.log
# Journal file: E:/FPGA/digital_system_design/_my_snake_game_\vivado.jou
#-----------------------------------------------------------
start_gui
open_project E:/FPGA/digital_system_design/_my_snake_game_/_my_snake_game_.xpr
Scanning sources...
Finished scanning sources
INFO: [IP_Flow 19-234] Refreshing IP repositories
INFO: [IP_Flow 19-1700] Loaded user IP repository 'e:/FPGA/digital_system_design/ip_repo/my_seg_show_ip_1.0'.
INFO: [IP_Flow 19-1700] Loaded user IP repository 'e:/FPGA/digital_system_design/ip_repo/my_snake_game_ip_1.0'.
INFO: [IP_Flow 19-2313] Loaded Vivado IP repository 'D:/Xilinx/Vivado/2018.3/data/ip'.
open_project: Time (s): cpu = 00:00:18 ; elapsed = 00:00:09 . Memory (MB): peak = 872.344 ; gain = 253.359
update_compile_order -fileset sources_1
launch_sdk -workspace E:/FPGA/digital_system_design/_my_snake_game_/_my_snake_game_.sdk -hwspec E:/FPGA/digital_system_design/_my_snake_game_/_my_snake_game_.sdk/MicroBlazeDemo1_wrapper.hdf
INFO: [Vivado 12-393] Launching SDK...
INFO: [Vivado 12-417] Running xsdk -workspace E:/FPGA/digital_system_design/_my_snake_game_/_my_snake_game_.sdk -hwspec E:/FPGA/digital_system_design/_my_snake_game_/_my_snake_game_.sdk/MicroBlazeDemo1_wrapper.hdf
INFO: [Vivado 12-3157] SDK launch initiated. Please check console for any further messages.
exit
INFO: [Common 17-206] Exiting Vivado at Wed Feb 22 14:34:08 2023...
