#-----------------------------------------------------------
# Vivado v2018.3 (64-bit)
# SW Build 2405991 on Thu Dec  6 23:38:27 MST 2018
# IP Build 2404404 on Fri Dec  7 01:43:56 MST 2018
# Start of session at: Sat Dec 10 16:04:40 2022
# Process ID: 12824
# Current directory: E:/FPGA/digital_system_design/_my_snake_game_
# Command line: vivado.exe -gui_launcher_event rodinguilauncherevent10360 E:\FPGA\digital_system_design\_my_snake_game_\_my_snake_game_.xpr
# Log file: E:/FPGA/digital_system_design/_my_snake_game_/vivado.log
# Journal file: E:/FPGA/digital_system_design/_my_snake_game_\vivado.jou
#-----------------------------------------------------------
start_gui
open_project E:/FPGA/digital_system_design/_my_snake_game_/_my_snake_game_.xpr
Scanning sources...
Finished scanning sources
INFO: [IP_Flow 19-234] Refreshing IP repositories
INFO: [IP_Flow 19-1700] Loaded user IP repository 'e:/FPGA/digital_system_design/ip_repo/my_snake_game_ip_1.0'.
INFO: [IP_Flow 19-2313] Loaded Vivado IP repository 'D:/Xilinx/Vivado/2018.3/data/ip'.
open_project: Time (s): cpu = 00:00:22 ; elapsed = 00:00:10 . Memory (MB): peak = 844.801 ; gain = 223.117
open_bd_design {E:/FPGA/digital_system_design/_my_snake_game_/_my_snake_game_.srcs/sources_1/bd/MicroBlazeDemo1/MicroBlazeDemo1.bd}
Adding cell -- xilinx.com:ip:microblaze:11.0 - microblaze_0
Adding cell -- xilinx.com:ip:axi_gpio:2.0 - led_module
Adding cell -- xilinx.com:ip:axi_uartlite:2.0 - axi_uartlite_0
Adding cell -- xilinx.com:ip:lmb_v10:3.0 - dlmb_v10
Adding cell -- xilinx.com:ip:lmb_v10:3.0 - ilmb_v10
Adding cell -- xilinx.com:ip:lmb_bram_if_cntlr:4.0 - dlmb_bram_if_cntlr
Adding cell -- xilinx.com:ip:lmb_bram_if_cntlr:4.0 - ilmb_bram_if_cntlr
Adding cell -- xilinx.com:ip:blk_mem_gen:8.4 - lmb_bram
Adding cell -- xilinx.com:ip:mdm:3.2 - mdm_1
Adding cell -- xilinx.com:ip:clk_wiz:6.0 - clk_wiz_1
Adding cell -- xilinx.com:ip:proc_sys_reset:5.0 - rst_clk_wiz_1_100M
Adding cell -- xilinx.com:ip:axi_interconnect:2.1 - microblaze_0_axi_periph
Adding cell -- xilinx.com:ip:axi_crossbar:2.1 - xbar
Adding cell -- xilinx.com:user:my_snake_game_ip:1.0 - my_snake_game_ip_0
Successfully read diagram <MicroBlazeDemo1> from BD file <E:/FPGA/digital_system_design/_my_snake_game_/_my_snake_game_.srcs/sources_1/bd/MicroBlazeDemo1/MicroBlazeDemo1.bd>
update_compile_order -fileset sources_1
regenerate_bd_layout
save_bd_design
Wrote  : <E:/FPGA/digital_system_design/_my_snake_game_/_my_snake_game_.srcs/sources_1/bd/MicroBlazeDemo1/ui/bd_74744130.ui> 
launch_runs synth_1 -jobs 8
[Sat Dec 10 16:05:16 2022] Launched MicroBlazeDemo1_my_snake_game_ip_0_0_synth_1...
Run output will be captured here: E:/FPGA/digital_system_design/_my_snake_game_/_my_snake_game_.runs/MicroBlazeDemo1_my_snake_game_ip_0_0_synth_1/runme.log
[Sat Dec 10 16:05:16 2022] Launched synth_1...
Run output will be captured here: E:/FPGA/digital_system_design/_my_snake_game_/_my_snake_game_.runs/synth_1/runme.log
open_run synth_1 -name synth_1
Design is defaulting to impl run constrset: constrs_1
Design is defaulting to synth run part: xc7a35tcsg324-1
INFO: [Project 1-454] Reading design checkpoint 'e:/FPGA/digital_system_design/_my_snake_game_/_my_snake_game_.srcs/sources_1/bd/MicroBlazeDemo1/ip/MicroBlazeDemo1_axi_uartlite_0_0/MicroBlazeDemo1_axi_uartlite_0_0.dcp' for cell 'MicroBlazeDemo1_i/axi_uartlite_0'
INFO: [Project 1-454] Reading design checkpoint 'e:/FPGA/digital_system_design/_my_snake_game_/_my_snake_game_.srcs/sources_1/bd/MicroBlazeDemo1/ip/MicroBlazeDemo1_clk_wiz_1_0/MicroBlazeDemo1_clk_wiz_1_0.dcp' for cell 'MicroBlazeDemo1_i/clk_wiz_1'
INFO: [Project 1-454] Reading design checkpoint 'e:/FPGA/digital_system_design/_my_snake_game_/_my_snake_game_.srcs/sources_1/bd/MicroBlazeDemo1/ip/MicroBlazeDemo1_axi_gpio_0_0/MicroBlazeDemo1_axi_gpio_0_0.dcp' for cell 'MicroBlazeDemo1_i/led_module'
INFO: [Project 1-454] Reading design checkpoint 'e:/FPGA/digital_system_design/_my_snake_game_/_my_snake_game_.srcs/sources_1/bd/MicroBlazeDemo1/ip/MicroBlazeDemo1_mdm_1_0/MicroBlazeDemo1_mdm_1_0.dcp' for cell 'MicroBlazeDemo1_i/mdm_1'
INFO: [Project 1-454] Reading design checkpoint 'e:/FPGA/digital_system_design/_my_snake_game_/_my_snake_game_.srcs/sources_1/bd/MicroBlazeDemo1/ip/MicroBlazeDemo1_microblaze_0_0/MicroBlazeDemo1_microblaze_0_0.dcp' for cell 'MicroBlazeDemo1_i/microblaze_0'
INFO: [Project 1-454] Reading design checkpoint 'e:/FPGA/digital_system_design/_my_snake_game_/_my_snake_game_.srcs/sources_1/bd/MicroBlazeDemo1/ip/MicroBlazeDemo1_my_snake_game_ip_0_0/MicroBlazeDemo1_my_snake_game_ip_0_0.dcp' for cell 'MicroBlazeDemo1_i/my_snake_game_ip_0'
INFO: [Project 1-454] Reading design checkpoint 'e:/FPGA/digital_system_design/_my_snake_game_/_my_snake_game_.srcs/sources_1/bd/MicroBlazeDemo1/ip/MicroBlazeDemo1_rst_clk_wiz_1_100M_0/MicroBlazeDemo1_rst_clk_wiz_1_100M_0.dcp' for cell 'MicroBlazeDemo1_i/rst_clk_wiz_1_100M'
INFO: [Project 1-454] Reading design checkpoint 'e:/FPGA/digital_system_design/_my_snake_game_/_my_snake_game_.srcs/sources_1/bd/MicroBlazeDemo1/ip/MicroBlazeDemo1_xbar_0/MicroBlazeDemo1_xbar_0.dcp' for cell 'MicroBlazeDemo1_i/microblaze_0_axi_periph/xbar'
INFO: [Project 1-454] Reading design checkpoint 'e:/FPGA/digital_system_design/_my_snake_game_/_my_snake_game_.srcs/sources_1/bd/MicroBlazeDemo1/ip/MicroBlazeDemo1_dlmb_bram_if_cntlr_0/MicroBlazeDemo1_dlmb_bram_if_cntlr_0.dcp' for cell 'MicroBlazeDemo1_i/microblaze_0_local_memory/dlmb_bram_if_cntlr'
INFO: [Project 1-454] Reading design checkpoint 'e:/FPGA/digital_system_design/_my_snake_game_/_my_snake_game_.srcs/sources_1/bd/MicroBlazeDemo1/ip/MicroBlazeDemo1_dlmb_v10_0/MicroBlazeDemo1_dlmb_v10_0.dcp' for cell 'MicroBlazeDemo1_i/microblaze_0_local_memory/dlmb_v10'
INFO: [Project 1-454] Reading design checkpoint 'e:/FPGA/digital_system_design/_my_snake_game_/_my_snake_game_.srcs/sources_1/bd/MicroBlazeDemo1/ip/MicroBlazeDemo1_ilmb_bram_if_cntlr_0/MicroBlazeDemo1_ilmb_bram_if_cntlr_0.dcp' for cell 'MicroBlazeDemo1_i/microblaze_0_local_memory/ilmb_bram_if_cntlr'
INFO: [Project 1-454] Reading design checkpoint 'e:/FPGA/digital_system_design/_my_snake_game_/_my_snake_game_.srcs/sources_1/bd/MicroBlazeDemo1/ip/MicroBlazeDemo1_ilmb_v10_0/MicroBlazeDemo1_ilmb_v10_0.dcp' for cell 'MicroBlazeDemo1_i/microblaze_0_local_memory/ilmb_v10'
INFO: [Project 1-454] Reading design checkpoint 'e:/FPGA/digital_system_design/_my_snake_game_/_my_snake_game_.srcs/sources_1/bd/MicroBlazeDemo1/ip/MicroBlazeDemo1_lmb_bram_0/MicroBlazeDemo1_lmb_bram_0.dcp' for cell 'MicroBlazeDemo1_i/microblaze_0_local_memory/lmb_bram'
INFO: [Netlist 29-17] Analyzing 1279 Unisim elements for replacement
INFO: [Netlist 29-28] Unisim Transformation completed in 0 CPU seconds
INFO: [Project 1-479] Netlist was created with Vivado 2018.3
INFO: [Device 21-403] Loading part xc7a35tcsg324-1
INFO: [Project 1-570] Preparing netlist for logic optimization
Parsing XDC File [e:/FPGA/digital_system_design/_my_snake_game_/_my_snake_game_.srcs/sources_1/bd/MicroBlazeDemo1/ip/MicroBlazeDemo1_microblaze_0_0/MicroBlazeDemo1_microblaze_0_0.xdc] for cell 'MicroBlazeDemo1_i/microblaze_0/U0'
Finished Parsing XDC File [e:/FPGA/digital_system_design/_my_snake_game_/_my_snake_game_.srcs/sources_1/bd/MicroBlazeDemo1/ip/MicroBlazeDemo1_microblaze_0_0/MicroBlazeDemo1_microblaze_0_0.xdc] for cell 'MicroBlazeDemo1_i/microblaze_0/U0'
Parsing XDC File [e:/FPGA/digital_system_design/_my_snake_game_/_my_snake_game_.srcs/sources_1/bd/MicroBlazeDemo1/ip/MicroBlazeDemo1_axi_gpio_0_0/MicroBlazeDemo1_axi_gpio_0_0_board.xdc] for cell 'MicroBlazeDemo1_i/led_module/U0'
Finished Parsing XDC File [e:/FPGA/digital_system_design/_my_snake_game_/_my_snake_game_.srcs/sources_1/bd/MicroBlazeDemo1/ip/MicroBlazeDemo1_axi_gpio_0_0/MicroBlazeDemo1_axi_gpio_0_0_board.xdc] for cell 'MicroBlazeDemo1_i/led_module/U0'
Parsing XDC File [e:/FPGA/digital_system_design/_my_snake_game_/_my_snake_game_.srcs/sources_1/bd/MicroBlazeDemo1/ip/MicroBlazeDemo1_axi_gpio_0_0/MicroBlazeDemo1_axi_gpio_0_0.xdc] for cell 'MicroBlazeDemo1_i/led_module/U0'
Finished Parsing XDC File [e:/FPGA/digital_system_design/_my_snake_game_/_my_snake_game_.srcs/sources_1/bd/MicroBlazeDemo1/ip/MicroBlazeDemo1_axi_gpio_0_0/MicroBlazeDemo1_axi_gpio_0_0.xdc] for cell 'MicroBlazeDemo1_i/led_module/U0'
Parsing XDC File [e:/FPGA/digital_system_design/_my_snake_game_/_my_snake_game_.srcs/sources_1/bd/MicroBlazeDemo1/ip/MicroBlazeDemo1_axi_uartlite_0_0/MicroBlazeDemo1_axi_uartlite_0_0_board.xdc] for cell 'MicroBlazeDemo1_i/axi_uartlite_0/U0'
Finished Parsing XDC File [e:/FPGA/digital_system_design/_my_snake_game_/_my_snake_game_.srcs/sources_1/bd/MicroBlazeDemo1/ip/MicroBlazeDemo1_axi_uartlite_0_0/MicroBlazeDemo1_axi_uartlite_0_0_board.xdc] for cell 'MicroBlazeDemo1_i/axi_uartlite_0/U0'
Parsing XDC File [e:/FPGA/digital_system_design/_my_snake_game_/_my_snake_game_.srcs/sources_1/bd/MicroBlazeDemo1/ip/MicroBlazeDemo1_axi_uartlite_0_0/MicroBlazeDemo1_axi_uartlite_0_0.xdc] for cell 'MicroBlazeDemo1_i/axi_uartlite_0/U0'
Finished Parsing XDC File [e:/FPGA/digital_system_design/_my_snake_game_/_my_snake_game_.srcs/sources_1/bd/MicroBlazeDemo1/ip/MicroBlazeDemo1_axi_uartlite_0_0/MicroBlazeDemo1_axi_uartlite_0_0.xdc] for cell 'MicroBlazeDemo1_i/axi_uartlite_0/U0'
Parsing XDC File [e:/FPGA/digital_system_design/_my_snake_game_/_my_snake_game_.srcs/sources_1/bd/MicroBlazeDemo1/ip/MicroBlazeDemo1_dlmb_v10_0/MicroBlazeDemo1_dlmb_v10_0.xdc] for cell 'MicroBlazeDemo1_i/microblaze_0_local_memory/dlmb_v10/U0'
Finished Parsing XDC File [e:/FPGA/digital_system_design/_my_snake_game_/_my_snake_game_.srcs/sources_1/bd/MicroBlazeDemo1/ip/MicroBlazeDemo1_dlmb_v10_0/MicroBlazeDemo1_dlmb_v10_0.xdc] for cell 'MicroBlazeDemo1_i/microblaze_0_local_memory/dlmb_v10/U0'
Parsing XDC File [e:/FPGA/digital_system_design/_my_snake_game_/_my_snake_game_.srcs/sources_1/bd/MicroBlazeDemo1/ip/MicroBlazeDemo1_ilmb_v10_0/MicroBlazeDemo1_ilmb_v10_0.xdc] for cell 'MicroBlazeDemo1_i/microblaze_0_local_memory/ilmb_v10/U0'
Finished Parsing XDC File [e:/FPGA/digital_system_design/_my_snake_game_/_my_snake_game_.srcs/sources_1/bd/MicroBlazeDemo1/ip/MicroBlazeDemo1_ilmb_v10_0/MicroBlazeDemo1_ilmb_v10_0.xdc] for cell 'MicroBlazeDemo1_i/microblaze_0_local_memory/ilmb_v10/U0'
Parsing XDC File [e:/FPGA/digital_system_design/_my_snake_game_/_my_snake_game_.srcs/sources_1/bd/MicroBlazeDemo1/ip/MicroBlazeDemo1_mdm_1_0/MicroBlazeDemo1_mdm_1_0.xdc] for cell 'MicroBlazeDemo1_i/mdm_1/U0'
INFO: [Timing 38-35] Done setting XDC timing constraints. [e:/FPGA/digital_system_design/_my_snake_game_/_my_snake_game_.srcs/sources_1/bd/MicroBlazeDemo1/ip/MicroBlazeDemo1_mdm_1_0/MicroBlazeDemo1_mdm_1_0.xdc:50]
get_clocks: Time (s): cpu = 00:00:08 ; elapsed = 00:00:07 . Memory (MB): peak = 1866.289 ; gain = 501.852
Finished Parsing XDC File [e:/FPGA/digital_system_design/_my_snake_game_/_my_snake_game_.srcs/sources_1/bd/MicroBlazeDemo1/ip/MicroBlazeDemo1_mdm_1_0/MicroBlazeDemo1_mdm_1_0.xdc] for cell 'MicroBlazeDemo1_i/mdm_1/U0'
Parsing XDC File [e:/FPGA/digital_system_design/_my_snake_game_/_my_snake_game_.srcs/sources_1/bd/MicroBlazeDemo1/ip/MicroBlazeDemo1_clk_wiz_1_0/MicroBlazeDemo1_clk_wiz_1_0_board.xdc] for cell 'MicroBlazeDemo1_i/clk_wiz_1/inst'
Finished Parsing XDC File [e:/FPGA/digital_system_design/_my_snake_game_/_my_snake_game_.srcs/sources_1/bd/MicroBlazeDemo1/ip/MicroBlazeDemo1_clk_wiz_1_0/MicroBlazeDemo1_clk_wiz_1_0_board.xdc] for cell 'MicroBlazeDemo1_i/clk_wiz_1/inst'
Parsing XDC File [e:/FPGA/digital_system_design/_my_snake_game_/_my_snake_game_.srcs/sources_1/bd/MicroBlazeDemo1/ip/MicroBlazeDemo1_clk_wiz_1_0/MicroBlazeDemo1_clk_wiz_1_0.xdc] for cell 'MicroBlazeDemo1_i/clk_wiz_1/inst'
INFO: [Timing 38-2] Deriving generated clocks [e:/FPGA/digital_system_design/_my_snake_game_/_my_snake_game_.srcs/sources_1/bd/MicroBlazeDemo1/ip/MicroBlazeDemo1_clk_wiz_1_0/MicroBlazeDemo1_clk_wiz_1_0.xdc:57]
Finished Parsing XDC File [e:/FPGA/digital_system_design/_my_snake_game_/_my_snake_game_.srcs/sources_1/bd/MicroBlazeDemo1/ip/MicroBlazeDemo1_clk_wiz_1_0/MicroBlazeDemo1_clk_wiz_1_0.xdc] for cell 'MicroBlazeDemo1_i/clk_wiz_1/inst'
Parsing XDC File [e:/FPGA/digital_system_design/_my_snake_game_/_my_snake_game_.srcs/sources_1/bd/MicroBlazeDemo1/ip/MicroBlazeDemo1_rst_clk_wiz_1_100M_0/MicroBlazeDemo1_rst_clk_wiz_1_100M_0_board.xdc] for cell 'MicroBlazeDemo1_i/rst_clk_wiz_1_100M/U0'
Finished Parsing XDC File [e:/FPGA/digital_system_design/_my_snake_game_/_my_snake_game_.srcs/sources_1/bd/MicroBlazeDemo1/ip/MicroBlazeDemo1_rst_clk_wiz_1_100M_0/MicroBlazeDemo1_rst_clk_wiz_1_100M_0_board.xdc] for cell 'MicroBlazeDemo1_i/rst_clk_wiz_1_100M/U0'
Parsing XDC File [e:/FPGA/digital_system_design/_my_snake_game_/_my_snake_game_.srcs/sources_1/bd/MicroBlazeDemo1/ip/MicroBlazeDemo1_rst_clk_wiz_1_100M_0/MicroBlazeDemo1_rst_clk_wiz_1_100M_0.xdc] for cell 'MicroBlazeDemo1_i/rst_clk_wiz_1_100M/U0'
Finished Parsing XDC File [e:/FPGA/digital_system_design/_my_snake_game_/_my_snake_game_.srcs/sources_1/bd/MicroBlazeDemo1/ip/MicroBlazeDemo1_rst_clk_wiz_1_100M_0/MicroBlazeDemo1_rst_clk_wiz_1_100M_0.xdc] for cell 'MicroBlazeDemo1_i/rst_clk_wiz_1_100M/U0'
Parsing XDC File [E:/FPGA/digital_system_design/_my_snake_game_/_my_snake_game_.srcs/constrs_1/new/microblaze.xdc]
WARNING: [Vivado 12-584] No ports matched 'led_tri_o[7]'. [E:/FPGA/digital_system_design/_my_snake_game_/_my_snake_game_.srcs/constrs_1/new/microblaze.xdc:2]
CRITICAL WARNING: [Common 17-55] 'set_property' expects at least one object. [E:/FPGA/digital_system_design/_my_snake_game_/_my_snake_game_.srcs/constrs_1/new/microblaze.xdc:2]
Resolution: If [get_<value>] was used to populate the object, check to make sure this command returns at least one valid object.
WARNING: [Vivado 12-584] No ports matched 'led_tri_o[6]'. [E:/FPGA/digital_system_design/_my_snake_game_/_my_snake_game_.srcs/constrs_1/new/microblaze.xdc:3]
CRITICAL WARNING: [Common 17-55] 'set_property' expects at least one object. [E:/FPGA/digital_system_design/_my_snake_game_/_my_snake_game_.srcs/constrs_1/new/microblaze.xdc:3]
Resolution: If [get_<value>] was used to populate the object, check to make sure this command returns at least one valid object.
WARNING: [Vivado 12-584] No ports matched 'led_tri_o[5]'. [E:/FPGA/digital_system_design/_my_snake_game_/_my_snake_game_.srcs/constrs_1/new/microblaze.xdc:4]
CRITICAL WARNING: [Common 17-55] 'set_property' expects at least one object. [E:/FPGA/digital_system_design/_my_snake_game_/_my_snake_game_.srcs/constrs_1/new/microblaze.xdc:4]
Resolution: If [get_<value>] was used to populate the object, check to make sure this command returns at least one valid object.
WARNING: [Vivado 12-584] No ports matched 'led_tri_o[4]'. [E:/FPGA/digital_system_design/_my_snake_game_/_my_snake_game_.srcs/constrs_1/new/microblaze.xdc:5]
CRITICAL WARNING: [Common 17-55] 'set_property' expects at least one object. [E:/FPGA/digital_system_design/_my_snake_game_/_my_snake_game_.srcs/constrs_1/new/microblaze.xdc:5]
Resolution: If [get_<value>] was used to populate the object, check to make sure this command returns at least one valid object.
WARNING: [Vivado 12-584] No ports matched 'led_tri_o[3]'. [E:/FPGA/digital_system_design/_my_snake_game_/_my_snake_game_.srcs/constrs_1/new/microblaze.xdc:6]
CRITICAL WARNING: [Common 17-55] 'set_property' expects at least one object. [E:/FPGA/digital_system_design/_my_snake_game_/_my_snake_game_.srcs/constrs_1/new/microblaze.xdc:6]
Resolution: If [get_<value>] was used to populate the object, check to make sure this command returns at least one valid object.
WARNING: [Vivado 12-584] No ports matched 'led_tri_o[2]'. [E:/FPGA/digital_system_design/_my_snake_game_/_my_snake_game_.srcs/constrs_1/new/microblaze.xdc:7]
CRITICAL WARNING: [Common 17-55] 'set_property' expects at least one object. [E:/FPGA/digital_system_design/_my_snake_game_/_my_snake_game_.srcs/constrs_1/new/microblaze.xdc:7]
Resolution: If [get_<value>] was used to populate the object, check to make sure this command returns at least one valid object.
WARNING: [Vivado 12-584] No ports matched 'led_tri_o[1]'. [E:/FPGA/digital_system_design/_my_snake_game_/_my_snake_game_.srcs/constrs_1/new/microblaze.xdc:8]
CRITICAL WARNING: [Common 17-55] 'set_property' expects at least one object. [E:/FPGA/digital_system_design/_my_snake_game_/_my_snake_game_.srcs/constrs_1/new/microblaze.xdc:8]
Resolution: If [get_<value>] was used to populate the object, check to make sure this command returns at least one valid object.
WARNING: [Vivado 12-584] No ports matched 'led_tri_o[0]'. [E:/FPGA/digital_system_design/_my_snake_game_/_my_snake_game_.srcs/constrs_1/new/microblaze.xdc:9]
CRITICAL WARNING: [Common 17-55] 'set_property' expects at least one object. [E:/FPGA/digital_system_design/_my_snake_game_/_my_snake_game_.srcs/constrs_1/new/microblaze.xdc:9]
Resolution: If [get_<value>] was used to populate the object, check to make sure this command returns at least one valid object.
WARNING: [Vivado 12-584] No ports matched 'led_tri_o[0]'. [E:/FPGA/digital_system_design/_my_snake_game_/_my_snake_game_.srcs/constrs_1/new/microblaze.xdc:13]
CRITICAL WARNING: [Common 17-55] 'set_property' expects at least one object. [E:/FPGA/digital_system_design/_my_snake_game_/_my_snake_game_.srcs/constrs_1/new/microblaze.xdc:13]
Resolution: If [get_<value>] was used to populate the object, check to make sure this command returns at least one valid object.
WARNING: [Vivado 12-584] No ports matched 'led_tri_o[1]'. [E:/FPGA/digital_system_design/_my_snake_game_/_my_snake_game_.srcs/constrs_1/new/microblaze.xdc:14]
CRITICAL WARNING: [Common 17-55] 'set_property' expects at least one object. [E:/FPGA/digital_system_design/_my_snake_game_/_my_snake_game_.srcs/constrs_1/new/microblaze.xdc:14]
Resolution: If [get_<value>] was used to populate the object, check to make sure this command returns at least one valid object.
WARNING: [Vivado 12-584] No ports matched 'led_tri_o[2]'. [E:/FPGA/digital_system_design/_my_snake_game_/_my_snake_game_.srcs/constrs_1/new/microblaze.xdc:15]
CRITICAL WARNING: [Common 17-55] 'set_property' expects at least one object. [E:/FPGA/digital_system_design/_my_snake_game_/_my_snake_game_.srcs/constrs_1/new/microblaze.xdc:15]
Resolution: If [get_<value>] was used to populate the object, check to make sure this command returns at least one valid object.
WARNING: [Vivado 12-584] No ports matched 'led_tri_o[3]'. [E:/FPGA/digital_system_design/_my_snake_game_/_my_snake_game_.srcs/constrs_1/new/microblaze.xdc:16]
CRITICAL WARNING: [Common 17-55] 'set_property' expects at least one object. [E:/FPGA/digital_system_design/_my_snake_game_/_my_snake_game_.srcs/constrs_1/new/microblaze.xdc:16]
Resolution: If [get_<value>] was used to populate the object, check to make sure this command returns at least one valid object.
WARNING: [Vivado 12-584] No ports matched 'led_tri_o[4]'. [E:/FPGA/digital_system_design/_my_snake_game_/_my_snake_game_.srcs/constrs_1/new/microblaze.xdc:17]
CRITICAL WARNING: [Common 17-55] 'set_property' expects at least one object. [E:/FPGA/digital_system_design/_my_snake_game_/_my_snake_game_.srcs/constrs_1/new/microblaze.xdc:17]
Resolution: If [get_<value>] was used to populate the object, check to make sure this command returns at least one valid object.
WARNING: [Vivado 12-584] No ports matched 'led_tri_o[5]'. [E:/FPGA/digital_system_design/_my_snake_game_/_my_snake_game_.srcs/constrs_1/new/microblaze.xdc:18]
CRITICAL WARNING: [Common 17-55] 'set_property' expects at least one object. [E:/FPGA/digital_system_design/_my_snake_game_/_my_snake_game_.srcs/constrs_1/new/microblaze.xdc:18]
Resolution: If [get_<value>] was used to populate the object, check to make sure this command returns at least one valid object.
WARNING: [Vivado 12-584] No ports matched 'led_tri_o[6]'. [E:/FPGA/digital_system_design/_my_snake_game_/_my_snake_game_.srcs/constrs_1/new/microblaze.xdc:19]
CRITICAL WARNING: [Common 17-55] 'set_property' expects at least one object. [E:/FPGA/digital_system_design/_my_snake_game_/_my_snake_game_.srcs/constrs_1/new/microblaze.xdc:19]
Resolution: If [get_<value>] was used to populate the object, check to make sure this command returns at least one valid object.
WARNING: [Vivado 12-584] No ports matched 'led_tri_o[7]'. [E:/FPGA/digital_system_design/_my_snake_game_/_my_snake_game_.srcs/constrs_1/new/microblaze.xdc:20]
CRITICAL WARNING: [Common 17-55] 'set_property' expects at least one object. [E:/FPGA/digital_system_design/_my_snake_game_/_my_snake_game_.srcs/constrs_1/new/microblaze.xdc:20]
Resolution: If [get_<value>] was used to populate the object, check to make sure this command returns at least one valid object.
WARNING: [Vivado 12-584] No ports matched 'switch_tri_io[7]'. [E:/FPGA/digital_system_design/_my_snake_game_/_my_snake_game_.srcs/constrs_1/new/microblaze.xdc:24]
CRITICAL WARNING: [Common 17-55] 'set_property' expects at least one object. [E:/FPGA/digital_system_design/_my_snake_game_/_my_snake_game_.srcs/constrs_1/new/microblaze.xdc:24]
Resolution: If [get_<value>] was used to populate the object, check to make sure this command returns at least one valid object.
WARNING: [Vivado 12-584] No ports matched 'switch_tri_io[6]'. [E:/FPGA/digital_system_design/_my_snake_game_/_my_snake_game_.srcs/constrs_1/new/microblaze.xdc:25]
CRITICAL WARNING: [Common 17-55] 'set_property' expects at least one object. [E:/FPGA/digital_system_design/_my_snake_game_/_my_snake_game_.srcs/constrs_1/new/microblaze.xdc:25]
Resolution: If [get_<value>] was used to populate the object, check to make sure this command returns at least one valid object.
WARNING: [Vivado 12-584] No ports matched 'switch_tri_io[5]'. [E:/FPGA/digital_system_design/_my_snake_game_/_my_snake_game_.srcs/constrs_1/new/microblaze.xdc:26]
CRITICAL WARNING: [Common 17-55] 'set_property' expects at least one object. [E:/FPGA/digital_system_design/_my_snake_game_/_my_snake_game_.srcs/constrs_1/new/microblaze.xdc:26]
Resolution: If [get_<value>] was used to populate the object, check to make sure this command returns at least one valid object.
WARNING: [Vivado 12-584] No ports matched 'switch_tri_io[4]'. [E:/FPGA/digital_system_design/_my_snake_game_/_my_snake_game_.srcs/constrs_1/new/microblaze.xdc:27]
CRITICAL WARNING: [Common 17-55] 'set_property' expects at least one object. [E:/FPGA/digital_system_design/_my_snake_game_/_my_snake_game_.srcs/constrs_1/new/microblaze.xdc:27]
Resolution: If [get_<value>] was used to populate the object, check to make sure this command returns at least one valid object.
WARNING: [Vivado 12-584] No ports matched 'switch_tri_io[3]'. [E:/FPGA/digital_system_design/_my_snake_game_/_my_snake_game_.srcs/constrs_1/new/microblaze.xdc:28]
CRITICAL WARNING: [Common 17-55] 'set_property' expects at least one object. [E:/FPGA/digital_system_design/_my_snake_game_/_my_snake_game_.srcs/constrs_1/new/microblaze.xdc:28]
Resolution: If [get_<value>] was used to populate the object, check to make sure this command returns at least one valid object.
WARNING: [Vivado 12-584] No ports matched 'switch_tri_io[2]'. [E:/FPGA/digital_system_design/_my_snake_game_/_my_snake_game_.srcs/constrs_1/new/microblaze.xdc:29]
CRITICAL WARNING: [Common 17-55] 'set_property' expects at least one object. [E:/FPGA/digital_system_design/_my_snake_game_/_my_snake_game_.srcs/constrs_1/new/microblaze.xdc:29]
Resolution: If [get_<value>] was used to populate the object, check to make sure this command returns at least one valid object.
WARNING: [Vivado 12-584] No ports matched 'switch_tri_io[1]'. [E:/FPGA/digital_system_design/_my_snake_game_/_my_snake_game_.srcs/constrs_1/new/microblaze.xdc:30]
CRITICAL WARNING: [Common 17-55] 'set_property' expects at least one object. [E:/FPGA/digital_system_design/_my_snake_game_/_my_snake_game_.srcs/constrs_1/new/microblaze.xdc:30]
Resolution: If [get_<value>] was used to populate the object, check to make sure this command returns at least one valid object.
WARNING: [Vivado 12-584] No ports matched 'switch_tri_io[0]'. [E:/FPGA/digital_system_design/_my_snake_game_/_my_snake_game_.srcs/constrs_1/new/microblaze.xdc:31]
CRITICAL WARNING: [Common 17-55] 'set_property' expects at least one object. [E:/FPGA/digital_system_design/_my_snake_game_/_my_snake_game_.srcs/constrs_1/new/microblaze.xdc:31]
Resolution: If [get_<value>] was used to populate the object, check to make sure this command returns at least one valid object.
WARNING: [Vivado 12-584] No ports matched 'switch_tri_io[0]'. [E:/FPGA/digital_system_design/_my_snake_game_/_my_snake_game_.srcs/constrs_1/new/microblaze.xdc:51]
CRITICAL WARNING: [Common 17-55] 'set_property' expects at least one object. [E:/FPGA/digital_system_design/_my_snake_game_/_my_snake_game_.srcs/constrs_1/new/microblaze.xdc:51]
Resolution: If [get_<value>] was used to populate the object, check to make sure this command returns at least one valid object.
WARNING: [Vivado 12-584] No ports matched 'switch_tri_io[1]'. [E:/FPGA/digital_system_design/_my_snake_game_/_my_snake_game_.srcs/constrs_1/new/microblaze.xdc:52]
CRITICAL WARNING: [Common 17-55] 'set_property' expects at least one object. [E:/FPGA/digital_system_design/_my_snake_game_/_my_snake_game_.srcs/constrs_1/new/microblaze.xdc:52]
Resolution: If [get_<value>] was used to populate the object, check to make sure this command returns at least one valid object.
WARNING: [Vivado 12-584] No ports matched 'switch_tri_io[2]'. [E:/FPGA/digital_system_design/_my_snake_game_/_my_snake_game_.srcs/constrs_1/new/microblaze.xdc:53]
CRITICAL WARNING: [Common 17-55] 'set_property' expects at least one object. [E:/FPGA/digital_system_design/_my_snake_game_/_my_snake_game_.srcs/constrs_1/new/microblaze.xdc:53]
Resolution: If [get_<value>] was used to populate the object, check to make sure this command returns at least one valid object.
WARNING: [Vivado 12-584] No ports matched 'switch_tri_io[3]'. [E:/FPGA/digital_system_design/_my_snake_game_/_my_snake_game_.srcs/constrs_1/new/microblaze.xdc:54]
CRITICAL WARNING: [Common 17-55] 'set_property' expects at least one object. [E:/FPGA/digital_system_design/_my_snake_game_/_my_snake_game_.srcs/constrs_1/new/microblaze.xdc:54]
Resolution: If [get_<value>] was used to populate the object, check to make sure this command returns at least one valid object.
WARNING: [Vivado 12-584] No ports matched 'switch_tri_io[4]'. [E:/FPGA/digital_system_design/_my_snake_game_/_my_snake_game_.srcs/constrs_1/new/microblaze.xdc:55]
CRITICAL WARNING: [Common 17-55] 'set_property' expects at least one object. [E:/FPGA/digital_system_design/_my_snake_game_/_my_snake_game_.srcs/constrs_1/new/microblaze.xdc:55]
Resolution: If [get_<value>] was used to populate the object, check to make sure this command returns at least one valid object.
WARNING: [Vivado 12-584] No ports matched 'switch_tri_io[5]'. [E:/FPGA/digital_system_design/_my_snake_game_/_my_snake_game_.srcs/constrs_1/new/microblaze.xdc:56]
CRITICAL WARNING: [Common 17-55] 'set_property' expects at least one object. [E:/FPGA/digital_system_design/_my_snake_game_/_my_snake_game_.srcs/constrs_1/new/microblaze.xdc:56]
Resolution: If [get_<value>] was used to populate the object, check to make sure this command returns at least one valid object.
WARNING: [Vivado 12-584] No ports matched 'switch_tri_io[6]'. [E:/FPGA/digital_system_design/_my_snake_game_/_my_snake_game_.srcs/constrs_1/new/microblaze.xdc:57]
CRITICAL WARNING: [Common 17-55] 'set_property' expects at least one object. [E:/FPGA/digital_system_design/_my_snake_game_/_my_snake_game_.srcs/constrs_1/new/microblaze.xdc:57]
Resolution: If [get_<value>] was used to populate the object, check to make sure this command returns at least one valid object.
WARNING: [Vivado 12-584] No ports matched 'switch_tri_io[7]'. [E:/FPGA/digital_system_design/_my_snake_game_/_my_snake_game_.srcs/constrs_1/new/microblaze.xdc:58]
CRITICAL WARNING: [Common 17-55] 'set_property' expects at least one object. [E:/FPGA/digital_system_design/_my_snake_game_/_my_snake_game_.srcs/constrs_1/new/microblaze.xdc:58]
Resolution: If [get_<value>] was used to populate the object, check to make sure this command returns at least one valid object.
Finished Parsing XDC File [E:/FPGA/digital_system_design/_my_snake_game_/_my_snake_game_.srcs/constrs_1/new/microblaze.xdc]
INFO: [Opt 31-138] Pushed 0 inverter(s) to 0 load pin(s).
Generating merged BMM file for the design top 'MicroBlazeDemo1_wrapper'...
INFO: [Memdata 28-144] Successfully populated the BRAM INIT strings from the following elf files: e:/FPGA/digital_system_design/_my_snake_game_/_my_snake_game_.srcs/sources_1/bd/MicroBlazeDemo1/ip/MicroBlazeDemo1_microblaze_0_0/data/mb_bootloop_le.elf 
Netlist sorting complete. Time (s): cpu = 00:00:00 ; elapsed = 00:00:00.007 . Memory (MB): peak = 1867.316 ; gain = 0.000
INFO: [Project 1-111] Unisim Transformation Summary:
  A total of 112 instances were transformed.
  IOBUF => IOBUF (IBUF, OBUFT): 16 instances
  LUT6_2 => LUT6_2 (LUT5, LUT6): 80 instances
  RAM32M => RAM32M (RAMD32, RAMD32, RAMD32, RAMD32, RAMD32, RAMD32, RAMS32, RAMS32): 16 instances

open_run: Time (s): cpu = 00:00:24 ; elapsed = 00:00:19 . Memory (MB): peak = 1949.621 ; gain = 585.184
set_property IOSTANDARD LVCMOS33 [get_ports [list {btn_tri_io[7]} {btn_tri_io[6]} {btn_tri_io[5]} {btn_tri_io[4]} {btn_tri_io[3]} {btn_tri_io[2]} {btn_tri_io[1]} {btn_tri_io[0]}]]
set_property IOSTANDARD LVCMOS33 [get_ports [list {rgb_0[7]} {rgb_0[6]} {rgb_0[5]} {rgb_0[4]} {rgb_0[3]} {rgb_0[2]} {rgb_0[1]} {rgb_0[0]}]]
set_property IOSTANDARD LVCMOS33 [get_ports [list hsync_0]]
set_property IOSTANDARD LVCMOS33 [get_ports [list vsync_0]]
place_ports {btn_tri_io[1]} U4
place_ports {btn_tri_io[3]} V1
place_ports {btn_tri_io[0]} R17
place_ports {btn_tri_io[2]} R11
place_ports {btn_tri_io[4]} R15
place_ports {btn_tri_io[5]} P5
place_ports {btn_tri_io[6]} P4
place_ports {btn_tri_io[7]} P3
set_property PULLTYPE PULLUP [get_ports [list {btn_tri_io[4]}]]
set_property PULLTYPE PULLDOWN [get_ports [list {btn_tri_io[4]}]]
set_property PULLTYPE PULLDOWN [get_ports [list {btn_tri_io[1]}]]
set_property PULLTYPE PULLDOWN [get_ports [list {btn_tri_io[0]}]]
set_property PULLTYPE PULLDOWN [get_ports [list {btn_tri_io[3]}]]
set_property PULLTYPE PULLDOWN [get_ports [list {btn_tri_io[2]}]]
place_ports {rgb_0[0]} E6
place_ports {rgb_0[1]} E5
place_ports {rgb_0[2]} B6
place_ports {rgb_0[3]} A6
place_ports {rgb_0[4]} A5
place_ports {rgb_0[5]} F5
place_ports {rgb_0[6]} C6
place_ports {rgb_0[7]} C5
place_ports hsync_0 D7
place_ports vsync_0 C4
save_constraints
Netlist sorting complete. Time (s): cpu = 00:00:00 ; elapsed = 00:00:00.009 . Memory (MB): peak = 1972.223 ; gain = 0.000
launch_runs impl_1 -to_step write_bitstream -jobs 8
Netlist sorting complete. Time (s): cpu = 00:00:00 ; elapsed = 00:00:00.007 . Memory (MB): peak = 1972.770 ; gain = 0.000
INFO: [Timing 38-480] Writing timing data to binary archive.
Writing placer database...
Writing XDEF routing.
Writing XDEF routing logical nets.
Writing XDEF routing special nets.
Write XDEF Complete: Time (s): cpu = 00:00:01 ; elapsed = 00:00:00.051 . Memory (MB): peak = 1976.480 ; gain = 3.711
Netlist sorting complete. Time (s): cpu = 00:00:00 ; elapsed = 00:00:00.013 . Memory (MB): peak = 1981.496 ; gain = 0.000
[Sat Dec 10 16:15:16 2022] Launched impl_1...
Run output will be captured here: E:/FPGA/digital_system_design/_my_snake_game_/_my_snake_game_.runs/impl_1/runme.log
file mkdir E:/FPGA/digital_system_design/_my_snake_game_/_my_snake_game_.sdk
file copy -force E:/FPGA/digital_system_design/_my_snake_game_/_my_snake_game_.runs/impl_1/MicroBlazeDemo1_wrapper.sysdef E:/FPGA/digital_system_design/_my_snake_game_/_my_snake_game_.sdk/MicroBlazeDemo1_wrapper.hdf

launch_sdk -workspace E:/FPGA/digital_system_design/_my_snake_game_/_my_snake_game_.sdk -hwspec E:/FPGA/digital_system_design/_my_snake_game_/_my_snake_game_.sdk/MicroBlazeDemo1_wrapper.hdf
INFO: [Vivado 12-393] Launching SDK...
INFO: [Vivado 12-417] Running xsdk -workspace E:/FPGA/digital_system_design/_my_snake_game_/_my_snake_game_.sdk -hwspec E:/FPGA/digital_system_design/_my_snake_game_/_my_snake_game_.sdk/MicroBlazeDemo1_wrapper.hdf
INFO: [Vivado 12-3157] SDK launch initiated. Please check console for any further messages.
exit
INFO: [Common 17-206] Exiting Vivado at Sat Dec 10 16:49:08 2022...
