Copyright 1986-2018 Xilinx, Inc. All Rights Reserved.
-------------------------------------------------------------------------------------------------------------------------------------------------------------------------------------------
| Tool Version     : Vivado v.2018.3 (win64) Build 2405991 Thu Dec  6 23:38:27 MST 2018
| Date             : Wed Feb 15 14:44:27 2023
| Host             : DESKTOP-37A9H0N running 64-bit major release  (build 9200)
| Command          : report_power -file MicroBlazeDemo1_wrapper_power_routed.rpt -pb MicroBlazeDemo1_wrapper_power_summary_routed.pb -rpx MicroBlazeDemo1_wrapper_power_routed.rpx
| Design           : MicroBlazeDemo1_wrapper
| Device           : xc7a35tcsg324-1
| Design State     : routed
| Grade            : commercial
| Process          : typical
| Characterization : Production
-------------------------------------------------------------------------------------------------------------------------------------------------------------------------------------------

Power Report

Table of Contents
-----------------
1. Summary
1.1 On-Chip Components
1.2 Power Supply Summary
1.3 Confidence Level
2. Settings
2.1 Environment
2.2 Clock Constraints
3. Detailed Reports
3.1 By Hierarchy

1. Summary
----------

+--------------------------+--------------+
| Total On-Chip Power (W)  | 0.298        |
| Design Power Budget (W)  | Unspecified* |
| Power Budget Margin (W)  | NA           |
| Dynamic (W)              | 0.225        |
| Device Static (W)        | 0.073        |
| Effective TJA (C/W)      | 4.8          |
| Max Ambient (C)          | 83.6         |
| Junction Temperature (C) | 26.4         |
| Confidence Level         | Low          |
| Setting File             | ---          |
| Simulation Activity File | ---          |
| Design Nets Matched      | NA           |
+--------------------------+--------------+
* Specify Design Power Budget using, set_operating_conditions -design_power_budget <value in Watts>


1.1 On-Chip Components
----------------------

+--------------------------+-----------+----------+-----------+-----------------+
| On-Chip                  | Power (W) | Used     | Available | Utilization (%) |
+--------------------------+-----------+----------+-----------+-----------------+
| Clocks                   |     0.012 |        7 |       --- |             --- |
| Slice Logic              |     0.048 |    11829 |       --- |             --- |
|   LUT as Logic           |     0.043 |     5670 |     20800 |           27.26 |
|   CARRY4                 |     0.004 |     1050 |      8150 |           12.88 |
|   Register               |    <0.001 |     2781 |     41600 |            6.69 |
|   LUT as Distributed RAM |    <0.001 |       64 |      9600 |            0.67 |
|   F7/F8 Muxes            |    <0.001 |      112 |     32600 |            0.34 |
|   LUT as Shift Register  |    <0.001 |       84 |      9600 |            0.88 |
|   Others                 |    <0.001 |      508 |       --- |             --- |
| Signals                  |     0.042 |     7587 |       --- |             --- |
| Block RAM                |    <0.001 |      8.5 |        50 |           17.00 |
| MMCM                     |     0.106 |        1 |         5 |           20.00 |
| I/O                      |     0.016 |       42 |       210 |           20.00 |
| Static Power             |     0.073 |          |           |                 |
| Total                    |     0.298 |          |           |                 |
+--------------------------+-----------+----------+-----------+-----------------+


1.2 Power Supply Summary
------------------------

+-----------+-------------+-----------+-------------+------------+
| Source    | Voltage (V) | Total (A) | Dynamic (A) | Static (A) |
+-----------+-------------+-----------+-------------+------------+
| Vccint    |       1.000 |     0.114 |       0.103 |      0.010 |
| Vccaux    |       1.800 |     0.072 |       0.059 |      0.013 |
| Vcco33    |       3.300 |     0.006 |       0.005 |      0.001 |
| Vcco25    |       2.500 |     0.000 |       0.000 |      0.000 |
| Vcco18    |       1.800 |     0.000 |       0.000 |      0.000 |
| Vcco15    |       1.500 |     0.000 |       0.000 |      0.000 |
| Vcco135   |       1.350 |     0.000 |       0.000 |      0.000 |
| Vcco12    |       1.200 |     0.000 |       0.000 |      0.000 |
| Vccaux_io |       1.800 |     0.000 |       0.000 |      0.000 |
| Vccbram   |       1.000 |     0.000 |       0.000 |      0.000 |
| MGTAVcc   |       1.000 |     0.000 |       0.000 |      0.000 |
| MGTAVtt   |       1.200 |     0.000 |       0.000 |      0.000 |
| Vccadc    |       1.800 |     0.020 |       0.000 |      0.020 |
+-----------+-------------+-----------+-------------+------------+


1.3 Confidence Level
--------------------

+-----------------------------+------------+--------------------------------------------------------+--------------------------------------------------------------------------------------------------------------------+
| User Input Data             | Confidence | Details                                                | Action                                                                                                             |
+-----------------------------+------------+--------------------------------------------------------+--------------------------------------------------------------------------------------------------------------------+
| Design implementation state | High       | Design is routed                                       |                                                                                                                    |
| Clock nodes activity        | Medium     | More than 5% of clocks are missing user specification  | Provide missing clock activity with a constraint file, simulation results or by editing the "By Clock Domain" view |
| I/O nodes activity          | Low        | More than 75% of inputs are missing user specification | Provide missing input activity with simulation results or by editing the "By Resource Type -> I/Os" view           |
| Internal nodes activity     | Medium     | User specified less than 25% of internal nodes         | Provide missing internal nodes activity with simulation results or by editing the "By Resource Type" views         |
| Device models               | High       | Device models are Production                           |                                                                                                                    |
|                             |            |                                                        |                                                                                                                    |
| Overall confidence level    | Low        |                                                        |                                                                                                                    |
+-----------------------------+------------+--------------------------------------------------------+--------------------------------------------------------------------------------------------------------------------+


2. Settings
-----------

2.1 Environment
---------------

+-----------------------+--------------------------+
| Ambient Temp (C)      | 25.0                     |
| ThetaJA (C/W)         | 4.8                      |
| Airflow (LFM)         | 250                      |
| Heat Sink             | medium (Medium Profile)  |
| ThetaSA (C/W)         | 4.6                      |
| Board Selection       | medium (10"x10")         |
| # of Board Layers     | 12to15 (12 to 15 Layers) |
| Board Temperature (C) | 25.0                     |
+-----------------------+--------------------------+


2.2 Clock Constraints
---------------------

+-------------------------------------------------------------------+-----------------------------------------------------------------------+-----------------+
| Clock                                                             | Domain                                                                | Constraint (ns) |
+-------------------------------------------------------------------+-----------------------------------------------------------------------+-----------------+
| MicroBlazeDemo1_i/mdm_1/U0/Use_E2.BSCAN_I/Use_E2.BSCANE2_I/DRCK   | MicroBlazeDemo1_i/mdm_1/U0/Use_E2.BSCAN_I/DRCK                        |            33.3 |
| MicroBlazeDemo1_i/mdm_1/U0/Use_E2.BSCAN_I/Use_E2.BSCANE2_I/UPDATE | MicroBlazeDemo1_i/mdm_1/U0/Use_E2.BSCAN_I/Dbg_Update_0                |            33.3 |
| clk                                                               | clk                                                                   |            10.0 |
| clk_out1_MicroBlazeDemo1_clk_wiz_1_0                              | MicroBlazeDemo1_i/clk_wiz_1/inst/clk_out1_MicroBlazeDemo1_clk_wiz_1_0 |            10.0 |
| clkfbout_MicroBlazeDemo1_clk_wiz_1_0                              | MicroBlazeDemo1_i/clk_wiz_1/inst/clkfbout_MicroBlazeDemo1_clk_wiz_1_0 |            10.0 |
+-------------------------------------------------------------------+-----------------------------------------------------------------------+-----------------+


3. Detailed Reports
-------------------

3.1 By Hierarchy
----------------

+-----------------------------+-----------+
| Name                        | Power (W) |
+-----------------------------+-----------+
| MicroBlazeDemo1_wrapper     |     0.225 |
|   MicroBlazeDemo1_i         |     0.209 |
|     clk_wiz_1               |     0.106 |
|       inst                  |     0.106 |
|     led_module              |     0.001 |
|       U0                    |     0.001 |
|     microblaze_0            |     0.011 |
|       U0                    |     0.011 |
|     microblaze_0_axi_periph |     0.001 |
|       xbar                  |     0.001 |
|     my_seg_show_ip_0        |     0.001 |
|       inst                  |     0.001 |
|     my_snake_game_ip_0      |     0.086 |
|       inst                  |     0.081 |
+-----------------------------+-----------+


