Copyright 1986-2018 Xilinx, Inc. All Rights Reserved.
---------------------------------------------------------------------------------------------------------------------------------------------------------------
| Tool Version : Vivado v.2018.3 (win64) Build 2405991 Thu Dec  6 23:38:27 MST 2018
| Date         : Wed Feb 15 14:44:22 2023
| Host         : DESKTOP-37A9H0N running 64-bit major release  (build 9200)
| Command      : report_drc -file MicroBlazeDemo1_wrapper_drc_routed.rpt -pb MicroBlazeDemo1_wrapper_drc_routed.pb -rpx MicroBlazeDemo1_wrapper_drc_routed.rpx
| Design       : MicroBlazeDemo1_wrapper
| Device       : xc7a35tcsg324-1
| Speed File   : -1
| Design State : Fully Routed
---------------------------------------------------------------------------------------------------------------------------------------------------------------

Report DRC

Table of Contents
-----------------
1. REPORT SUMMARY
2. REPORT DETAILS

1. REPORT SUMMARY
-----------------
            Netlist: netlist
          Floorplan: checkpoint_MicroBlazeDemo1_wrapper
      Design limits: <entire design considered>
           Ruledeck: default
             Max violations: <unlimited>
             Violations found: 5
+----------+----------+-----------------------------------------------------+------------+
| Rule     | Severity | Description                                         | Violations |
+----------+----------+-----------------------------------------------------+------------+
| CFGBVS-1 | Warning  | Missing CFGBVS and CONFIG_VOLTAGE Design Properties | 1          |
| PDRC-153 | Warning  | Gated clock check                                   | 4          |
+----------+----------+-----------------------------------------------------+------------+

2. REPORT DETAILS
-----------------
CFGBVS-1#1 Warning
Missing CFGBVS and CONFIG_VOLTAGE Design Properties  
Neither the CFGBVS nor CONFIG_VOLTAGE voltage property is set in the current_design.  Configuration bank voltage select (CFGBVS) must be set to VCCO or GND, and CONFIG_VOLTAGE must be set to the correct configuration voltage, in order to determine the I/O voltage support for the pins in bank 0.  It is suggested to specify these either using the 'Edit Device Properties' function in the GUI or directly in the XDC file using the following syntax:

 set_property CFGBVS value1 [current_design]
 #where value1 is either VCCO or GND

 set_property CONFIG_VOLTAGE value2 [current_design]
 #where value2 is the voltage provided to configuration bank 0

Refer to the device configuration user guide for more information.
Related violations: <none>

PDRC-153#1 Warning
Gated clock check  
Net MicroBlazeDemo1_i/my_snake_game_ip_0/inst/my_snake_game_ip_v1_0_S0_AXI_inst/u_top/snake_graph/snake_y_reg[0][4]_LDC_i_1_n_0 is a gated clock net sourced by a combinational pin MicroBlazeDemo1_i/my_snake_game_ip_0/inst/my_snake_game_ip_v1_0_S0_AXI_inst/u_top/snake_graph/snake_y_reg[0][4]_LDC_i_1/O, cell MicroBlazeDemo1_i/my_snake_game_ip_0/inst/my_snake_game_ip_v1_0_S0_AXI_inst/u_top/snake_graph/snake_y_reg[0][4]_LDC_i_1. This is not good design practice and will likely impact performance. For SLICE registers, for example, use the CE pin to control the loading of data.
Related violations: <none>

PDRC-153#2 Warning
Gated clock check  
Net MicroBlazeDemo1_i/my_snake_game_ip_0/inst/my_snake_game_ip_v1_0_S0_AXI_inst/u_top/snake_graph/snake_y_reg[0][4]_LDC_i_2_n_0 is a gated clock net sourced by a combinational pin MicroBlazeDemo1_i/my_snake_game_ip_0/inst/my_snake_game_ip_v1_0_S0_AXI_inst/u_top/snake_graph/snake_y_reg[0][4]_LDC_i_2/O, cell MicroBlazeDemo1_i/my_snake_game_ip_0/inst/my_snake_game_ip_v1_0_S0_AXI_inst/u_top/snake_graph/snake_y_reg[0][4]_LDC_i_2. This is not good design practice and will likely impact performance. For SLICE registers, for example, use the CE pin to control the loading of data.
Related violations: <none>

PDRC-153#3 Warning
Gated clock check  
Net MicroBlazeDemo1_i/my_snake_game_ip_0/inst/my_snake_game_ip_v1_0_S0_AXI_inst/u_top/sync/hcount_reg[8]_1[0] is a gated clock net sourced by a combinational pin MicroBlazeDemo1_i/my_snake_game_ip_0/inst/my_snake_game_ip_v1_0_S0_AXI_inst/u_top/sync/char_addr_o_reg[6]_i_2/O, cell MicroBlazeDemo1_i/my_snake_game_ip_0/inst/my_snake_game_ip_v1_0_S0_AXI_inst/u_top/sync/char_addr_o_reg[6]_i_2. This is not good design practice and will likely impact performance. For SLICE registers, for example, use the CE pin to control the loading of data.
Related violations: <none>

PDRC-153#4 Warning
Gated clock check  
Net MicroBlazeDemo1_i/my_snake_game_ip_0/inst/my_snake_game_ip_v1_0_S0_AXI_inst/u_top/sync/rgb[5]_INST_0_i_4_n_0 is a gated clock net sourced by a combinational pin MicroBlazeDemo1_i/my_snake_game_ip_0/inst/my_snake_game_ip_v1_0_S0_AXI_inst/u_top/sync/rgb[5]_INST_0_i_4/O, cell MicroBlazeDemo1_i/my_snake_game_ip_0/inst/my_snake_game_ip_v1_0_S0_AXI_inst/u_top/sync/rgb[5]_INST_0_i_4. This is not good design practice and will likely impact performance. For SLICE registers, for example, use the CE pin to control the loading of data.
Related violations: <none>


